#
# A fatal error has been detected by the Java Runtime Environment:
#
#  EXCEPTION_ACCESS_VIOLATION (0xc0000005) at pc=0x0000022a51fa6624, pid=16376, tid=15356
#
# JRE version: OpenJDK Runtime Environment Temurin-21.0.3+9 (21.0.3+9) (build 21.0.3+9-LTS)
# Java VM: OpenJDK 64-Bit Server VM Temurin-21.0.3+9 (21.0.3+9-LTS, mixed mode, tiered, compressed oops, compressed class ptrs, g1 gc, windows-amd64)
# Problematic frame:
# v  ~BufferBlob::MethodHandles adapters 0x0000022a51fa6624
#
# No core dump will be written. Minidumps are not enabled by default on client versions of Windows
#
# If you would like to submit a bug report, please visit:
#   https://github.com/adoptium/adoptium-support/issues
#

---------------  S U M M A R Y ------------

Command Line: -XX:+ShowCodeDetailsInExceptionMessages -agentlib:jdwp=transport=dt_socket,suspend=y,address=localhost:57686 -javaagent:C:\Users\saliaam\Downloads\sts-4.24.0.RELEASE\configuration\org.eclipse.osgi\270\0\.cp\lib\javaagent-shaded.jar -Dfile.encoding=UTF-8 -Dstdout.encoding=UTF-8 -Dstderr.encoding=UTF-8 com.eob.EmployeeOnboardApplication

Host: 13th Gen Intel(R) Core(TM) i5-1345U, 12 cores, 15G,  Windows 11 , 64 bit Build 22621 (10.0.22621.1928)
Time: Wed Jan 22 21:19:27 2025 India Standard Time elapsed time: 216.153289 seconds (0d 0h 3m 36s)

---------------  T H R E A D  ---------------

Current thread (0x0000022a66380c20):  JavaThread "scheduling-1"        [_thread_in_Java, id=15356, stack(0x000000dda2e00000,0x000000dda2f00000) (1024K)]

Stack: [0x000000dda2e00000,0x000000dda2f00000],  sp=0x000000dda2efeec8,  free space=1019k
Native frames: (J=compiled Java code, j=interpreted, Vv=VM code, C=native code)
C  0x0000022a51fa6624

The last pc belongs to _linkToVirtual (printed below).

siginfo: EXCEPTION_ACCESS_VIOLATION (0xc0000005), reading address 0x0000000f6a0f08aa


Registers:
RAX=0x0000022a51f596b9, RBX=0x00000007065b9590, RCX=0x000000dda2efeed0, RDX=0x0000000000000002
RSP=0x000000dda2efeec8, RBP=0x000000dda2efef18, RSI=0x0000022a6d9c21b8, RDI=0x0000022a66c82ae0
R8 =0x0000000000000004, R9 =0x0000000000000004, R10=0x00000008623f0c32, R11=0x00000000e0f9ff56
R12=0x0000000000000000, R13=0x000000dda2efeec8, R14=0x000000dda2efef38, R15=0x0000022a66380c20
RIP=0x0000022a51fa6624, EFLAGS=0x0000000000010202


Register to memory mapping:

RAX=0x0000022a51f596b9 is at code_begin+4665 in an Interpreter codelet
return entry points  [0x0000022a51f58480, 0x0000022a51f5a590]  8464 bytes
RBX=0x00000007065b9590 is an oop: com.eob.config.JobController 
{0x00000007065b9590} - klass: 'com/eob/config/JobController'
 - ---- fields (total size 3 words):
 - private 'userJob' 'Lorg/springframework/batch/core/Job;' @12  a 'org/springframework/batch/core/job/SimpleJob'{0x0000000707cfa430} (0xe0f9f486)
 - private 'jobLauncher' 'Lorg/springframework/batch/core/launch/JobLauncher;' @16  a 'org/springframework/batch/core/launch/support/TaskExecutorJobLauncher'{0x0000000707cffab0} (0xe0f9ff56)
RCX=0x000000dda2efeed0 is pointing into the stack for thread: 0x0000022a66380c20
RDX=0x0000000000000002 is an unknown value
RSP=0x000000dda2efeec8 is pointing into the stack for thread: 0x0000022a66380c20
RBP=0x000000dda2efef18 is pointing into the stack for thread: 0x0000022a66380c20
RSI=0x0000022a6d9c21b8 points into unknown readable memory: 0x8800100035a30ca5 | a5 0c a3 35 00 10 00 88
RDI=0x0000022a66c82ae0 points into unknown readable memory: 0x0000001800000060 | 60 00 00 00 18 00 00 00
R8 =0x0000000000000004 is an unknown value
R9 =0x0000000000000004 is an unknown value
R10=0x00000008623f0c32 is an unknown value
R11=3774480214 is a compressed pointer to object: org.springframework.batch.core.launch.support.TaskExecutorJobLauncher 
{0x0000000707cffab0} - klass: 'org/springframework/batch/core/launch/support/TaskExecutorJobLauncher'
 - ---- fields (total size 4 words):
 - private 'jobRepository' 'Lorg/springframework/batch/core/repository/JobRepository;' @12  a 'jdk/proxy2/$Proxy133'{0x0000000707cffad0} (0xe0f9ff5a)
 - private 'taskExecutor' 'Lorg/springframework/core/task/TaskExecutor;' @16  a 'org/springframework/core/task/SyncTaskExecutor'{0x0000000707d09610} (0xe0fa12c2)
 - private 'meterRegistry' 'Lio/micrometer/core/instrument/MeterRegistry;' @20  a 'io/micrometer/core/instrument/composite/CompositeMeterRegistry'{0x0000000707cfb568} (0xe0f9f6ad)
 - private 'jobLaunchCount' 'Lio/micrometer/core/instrument/Counter;' @24  a 'io/micrometer/core/instrument/composite/CompositeCounter'{0x0000000707cfb8c0} (0xe0f9f718)
R12=0x0 is null
R13=0x000000dda2efeec8 is pointing into the stack for thread: 0x0000022a66380c20
R14=0x000000dda2efef38 is pointing into the stack for thread: 0x0000022a66380c20
R15=0x0000022a66380c20 is a thread

Top of Stack: (sp=0x000000dda2efeec8)
0x000000dda2efeec8:   0000022a51f596b9 000000dda2efeed0
0x000000dda2efeed8:   0000022a623f0c32 0000000000000004
0x000000dda2efeee8:   0000022a623f4ec0 0000022a65f78a08
0x000000dda2efeef8:   000000070515c9a0 0000022a623f0c40
0x000000dda2efef08:   000000dda2efeec8 000000dda2efef40
0x000000dda2efef18:   0000000707c1a228 0000022a4b0c99d0
0x000000dda2efef28:   0000000707c1a2b8 00000007065b9590
0x000000dda2efef38:   0000000707c1a250 000000dda2efef90
0x000000dda2efef48:   0000022a7214ac80 0000000000000000
0x000000dda2efef58:   0000000707c1a228 00000007065b9590
0x000000dda2efef68:   0000000707c1a328 0000000707c1a250
0x000000dda2efef78:   00000007065b9590 0000022a4b0c9884
0x000000dda2efef88:   0000022a66380c20 0000000707c1a228
0x000000dda2efef98:   0000022a52b18fa4 0000000800059e48
0x000000dda2efefa8:   0000000000000002 0000020100000000
0x000000dda2efefb8:   0000000000000000 0000000707c1a208
0x000000dda2efefc8:   00000007065b9590 0000000709ea2538
0x000000dda2efefd8:   000000070724e5a0 0000000707c1a208
0x000000dda2efefe8:   0000000000000002 00000007065b9590
0x000000dda2efeff8:   0000022a66380c20 0000022a66380c20
0x000000dda2eff008:   000000dda2eff100 0000000000000000
0x000000dda2eff018:   00007ffab6490e97 00000007065b9590
0x000000dda2eff028:   0000000709ea2538 00000007065a1268
0x000000dda2eff038:   0000000709ea2538 0000022a723fbce0
0x000000dda2eff048:   0000022a66380c20 00000000000001f8
0x000000dda2eff058:   0000022a51f762dc 0000022a723fbce0
0x000000dda2eff068:   0000022a52b172f0 000000dda2eff0e0
0x000000dda2eff078:   0000022a51f596b9 0000000709ea2538
0x000000dda2eff088:   00000007065b9590 00000007065a1268
0x000000dda2eff098:   000000dda2eff098 0000022a723fd09b
0x000000dda2eff0a8:   0000000000000004 0000022a723fd9d0
0x000000dda2eff0b8:   0000000000000000 000000070724e5a0 

Instructions: (pc=0x0000022a51fa6624)
0x0000022a51fa6524:   2a 02 00 00 80 65 fa 51 2a 02 00 00 00 76 fa 51
0x0000022a51fa6534:   2a 02 00 00 70 65 fa 51 2a 02 00 00 70 65 fa 51
0x0000022a51fa6544:   2a 02 00 00 00 00 00 00 00 00 00 00 d8 e6 ab b6
0x0000022a51fa6554:   fa 7f 00 00 f0 10 00 00 60 00 00 00 ff ff ff ff
0x0000022a51fa6564:   f0 10 00 00 00 00 00 00 00 00 00 00 00 00 00 00
0x0000022a51fa6574:   00 00 00 00 00 00 00 00 00 00 00 00 f4 66 66 66
0x0000022a51fa6584:   0f 1f 84 00 00 00 00 00 66 66 66 90 66 66 66 0f
0x0000022a51fa6594:   1f 84 00 00 00 00 00 66 66 66 90 90 48 8b 53 08
0x0000022a51fa65a4:   0f b7 52 2e 48 8b 0c d4 8b 59 14 48 c1 e3 03 8b
0x0000022a51fa65b4:   5b 28 48 c1 e3 03 8b 5b 24 48 c1 e3 03 48 8b 5b
0x0000022a51fa65c4:   10 48 85 db 0f 84 10 00 00 00 41 80 bf e0 05 00
0x0000022a51fa65d4:   00 00 74 03 ff 63 38 ff 63 50 e9 1d c0 fd ff 66
0x0000022a51fa65e4:   66 66 0f 1f 84 00 00 00 00 00 66 66 66 90 66 66
0x0000022a51fa65f4:   0f 1f 84 00 00 00 00 00 66 66 66 90 48 8b 53 08
0x0000022a51fa6604:   0f b7 52 2e 48 8b 0c d4 58 5b 50 44 8b 51 08 49
0x0000022a51fa6614:   bb 00 00 00 00 08 00 00 00 4d 03 d3 4c 8b 5b 10
0x0000022a51fa6624:   4b 8b 9c da c8 01 00 00 48 85 db 0f 84 10 00 00
0x0000022a51fa6634:   00 41 80 bf e0 05 00 00 00 74 03 ff 63 38 ff 63
0x0000022a51fa6644:   50 e9 b6 bf fd ff 66 66 66 0f 1f 84 00 00 00 00
0x0000022a51fa6654:   00 66 66 66 90 0f 1f 80 00 00 00 00 58 5b 50 8b
0x0000022a51fa6664:   5b 24 48 c1 e3 03 48 8b 5b 10 48 85 db 0f 84 10
0x0000022a51fa6674:   00 00 00 41 80 bf e0 05 00 00 00 74 03 ff 63 38
0x0000022a51fa6684:   ff 63 50 e9 74 bf fd ff 66 66 66 0f 1f 84 00 00
0x0000022a51fa6694:   00 00 00 66 66 66 90 0f 1f 44 00 00 48 8b 53 08
0x0000022a51fa66a4:   0f b7 52 2e 48 8b 0c d4 58 5b 50 48 3b 01 8b 5b
0x0000022a51fa66b4:   24 48 c1 e3 03 48 8b 5b 10 48 85 db 0f 84 10 00
0x0000022a51fa66c4:   00 00 41 80 bf e0 05 00 00 00 74 03 ff 63 38 ff
0x0000022a51fa66d4:   63 50 e9 25 bf fd ff 0f 1f 44 00 00 48 8b 53 08
0x0000022a51fa66e4:   0f b7 52 2e 48 8b 0c d4 58 5b 50 44 8b 51 08 49
0x0000022a51fa66f4:   bb 00 00 00 00 08 00 00 00 4d 03 d3 8b 43 18 48
0x0000022a51fa6704:   c1 e0 03 48 8b 40 10 48 8b 5b 10 45 8b 9a a0 00
0x0000022a51fa6714:   00 00 4f 8d 9c da c8 01 00 00 4d 8d 14 da 49 8b 


Stack slot to memory mapping:

stack at sp + 0 slots: 0x0000022a51f596b9 is at code_begin+4665 in an Interpreter codelet
return entry points  [0x0000022a51f58480, 0x0000022a51f5a590]  8464 bytes
stack at sp + 1 slots: 0x000000dda2efeed0 is pointing into the stack for thread: 0x0000022a66380c20
stack at sp + 2 slots: 0x0000022a623f0c32 is pointing into metadata
stack at sp + 3 slots: 0x0000000000000004 is an unknown value
stack at sp + 4 slots: 0x0000022a623f4ec0 is pointing into metadata
stack at sp + 5 slots: 0x0000022a65f78a08 is pointing into metadata
stack at sp + 6 slots: 0x000000070515c9a0 is an oop: java.lang.Class 
{0x000000070515c9a0} - klass: 'java/lang/Class'
 - ---- fields (total size 14 words):
 - private volatile transient 'classRedefinedCount' 'I' @12  0 (0x00000000)
 - injected 'klass' 'J' @16  34359944816 (0x0000000800032670)
 - injected 'array_klass' 'J' @24  0 (0x0000000000000000)
 - injected 'oop_size' 'I' @32  14 (0x0000000e)
 - injected 'static_oop_field_count' 'I' @36  0 (0x00000000)
 - private volatile transient 'cachedConstructor' 'Ljava/lang/reflect/Constructor;' @40  null (0x00000000)
 - private transient 'name' 'Ljava/lang/String;' @44  null (0x00000000)
 - private transient 'module' 'Ljava/lang/Module;' @48  a 'java/lang/Module'{0x0000000705143798} (0xe0a286f3)
 - private final 'classLoader' 'Ljava/lang/ClassLoader;' @52  null (0x00000000)
 - private transient 'classData' 'Ljava/lang/Object;' @56  null (0x00000000)
 - private transient 'packageName' 'Ljava/lang/String;' @60  null (0x00000000)
 - private final 'componentType' 'Ljava/lang/Class;' @64  null (0x00000000)
 - private volatile transient 'reflectionData' 'Ljava/lang/ref/SoftReference;' @68  null (0x00000000)
 - private volatile transient 'genericInfo' 'Lsun/reflect/generics/repository/ClassRepository;' @72  null (0x00000000)
 - private volatile transient 'enumConstants' '[Ljava/lang/Object;' @76  null (0x00000000)
 - private volatile transient 'enumConstantDirectory' 'Ljava/util/Map;' @80  null (0x00000000)
 - private volatile transient 'annotationData' 'Ljava/lang/Class$AnnotationData;' @84  null (0x00000000)
 - private volatile transient 'annotationType' 'Lsun/reflect/annotation/AnnotationType;' @88  null (0x00000000)
 - transient 'classValueMap' 'Ljava/lang/ClassValue$ClassValueMap;' @92  null (0x00000000)
 - injected 'protection_domain' 'Ljava/lang/Object;' @96  null (0x00000000)
 - injected 'signers_name' 'Ljava/lang/Object;' @100  null (0x00000000)
 - injected 'source_file' 'Ljava/lang/Object;' @104  null (0x00000000)
 - signature: Ljava/lang/invoke/DirectMethodHandle$Holder;
 - ---- static fields (0):
stack at sp + 7 slots: {method} {0x0000022a623f0c48} 'invokeVirtual' '(Ljava/lang/Object;Ljava/lang/Object;)Ljava/lang/Object;' in 'java/lang/invoke/DirectMethodHandle$Holder'

MethodHandle::interpreter_entry::_linkToVirtual [0x0000022a51fa65e3, 0x0000022a51fa664a] (103 bytes)
[MachCode]
  0x0000022a51fa65e3: 6666 660f | 1f84 0000 | 0000 0066 | 6666 9066 | 660f 1f84 | 0000 0000 | 0066 6666 | 9048 8b53 
  0x0000022a51fa6603: 080f b752 | 2e48 8b0c | d458 5b50 | 448b 5108 | 49bb 0000 | 0000 0800 | 0000 4d03 | d34c 8b5b 
  0x0000022a51fa6623: 104b 8b9c | dac8 0100 | 0048 85db | 0f84 1000 | 0000 4180 | bfe0 0500 | 0000 7403 | ff63 38ff 
  0x0000022a51fa6643: 6350 e9b6 | 
[/MachCode]

---------------  P R O C E S S  ---------------

Threads class SMR info:
_java_thread_list=0x0000022a6d1eed80, length=34, elements={
0x0000022a61b5d390, 0x0000022a61b5def0, 0x0000022a61b903e0, 0x0000022a61b90a50,
0x0000022a61baf390, 0x0000022a61b8afc0, 0x0000022a61b8c120, 0x0000022a61bbc0b0,
0x0000022a61cc6440, 0x0000022a61ebe280, 0x0000022a660ed5c0, 0x0000022a660edc40,
0x0000022a661e0ac0, 0x0000022a61d06040, 0x0000022a6b487570, 0x0000022a6da6b520,
0x0000022a66e4afd0, 0x0000022a69b7ea50, 0x0000022a69b7d6a0, 0x0000022a69b7bc60,
0x0000022a69b7e3c0, 0x0000022a69b7b5d0, 0x0000022a6d1206b0, 0x0000022a6d1220f0,
0x0000022a6d122780, 0x0000022a6d120d40, 0x0000022a6d122e10, 0x0000022a6d1234a0,
0x0000022a6d123b30, 0x0000022a6d1213d0, 0x0000022a6d121a60, 0x0000022a6637ff00,
0x0000022a66380c20, 0x0000022a66380590
}

Java Threads: ( => current thread )
  0x0000022a61b5d390 JavaThread "Reference Handler"          daemon [_thread_blocked, id=32820, stack(0x000000dd9fc00000,0x000000dd9fd00000) (1024K)]
  0x0000022a61b5def0 JavaThread "Finalizer"                  daemon [_thread_blocked, id=8648, stack(0x000000dd9fd00000,0x000000dd9fe00000) (1024K)]
  0x0000022a61b903e0 JavaThread "Signal Dispatcher"          daemon [_thread_blocked, id=15464, stack(0x000000dd9fe00000,0x000000dd9ff00000) (1024K)]
  0x0000022a61b90a50 JavaThread "Attach Listener"            daemon [_thread_blocked, id=24128, stack(0x000000dd9ff00000,0x000000dda0000000) (1024K)]
  0x0000022a61baf390 JavaThread "Service Thread"             daemon [_thread_blocked, id=16952, stack(0x000000dda0000000,0x000000dda0100000) (1024K)]
  0x0000022a61b8afc0 JavaThread "Monitor Deflation Thread"   daemon [_thread_blocked, id=25088, stack(0x000000dda0100000,0x000000dda0200000) (1024K)]
  0x0000022a61b8c120 JavaThread "C2 CompilerThread0"         daemon [_thread_blocked, id=21992, stack(0x000000dda0200000,0x000000dda0300000) (1024K)]
  0x0000022a61bbc0b0 JavaThread "C1 CompilerThread0"         daemon [_thread_blocked, id=3944, stack(0x000000dda0300000,0x000000dda0400000) (1024K)]
  0x0000022a61cc6440 JavaThread "Common-Cleaner"             daemon [_thread_blocked, id=17536, stack(0x000000dda0400000,0x000000dda0500000) (1024K)]
  0x0000022a61ebe280 JavaThread "JDWP Transport Listener: dt_socket" daemon [_thread_blocked, id=25376, stack(0x000000dda0500000,0x000000dda0600000) (1024K)]
  0x0000022a660ed5c0 JavaThread "JDWP Event Helper Thread"   daemon [_thread_blocked, id=21860, stack(0x000000dda0600000,0x000000dda0700000) (1024K)]
  0x0000022a660edc40 JavaThread "JDWP Command Reader"        daemon [_thread_in_native, id=21468, stack(0x000000dda0700000,0x000000dda0800000) (1024K)]
  0x0000022a661e0ac0 JavaThread "Notification Thread"        daemon [_thread_blocked, id=35240, stack(0x000000dda0900000,0x000000dda0a00000) (1024K)]
  0x0000022a61d06040 JavaThread "mysql-cj-abandoned-connection-cleanup" daemon [_thread_blocked, id=29400, stack(0x000000dda1600000,0x000000dda1700000) (1024K)]
  0x0000022a6b487570 JavaThread "HikariPool-1 housekeeper"   daemon [_thread_blocked, id=32520, stack(0x000000dda1a00000,0x000000dda1b00000) (1024K)]
  0x0000022a6da6b520 JavaThread "Catalina-utility-1"                [_thread_blocked, id=10412, stack(0x000000dda1c00000,0x000000dda1d00000) (1024K)]
  0x0000022a66e4afd0 JavaThread "Catalina-utility-2"                [_thread_blocked, id=14544, stack(0x000000dda1d00000,0x000000dda1e00000) (1024K)]
  0x0000022a69b7ea50 JavaThread "container-0"                       [_thread_blocked, id=23128, stack(0x000000dda1e00000,0x000000dda1f00000) (1024K)]
  0x0000022a69b7d6a0 JavaThread "File Watcher"               daemon [_thread_blocked, id=18120, stack(0x000000dda2000000,0x000000dda2100000) (1024K)]
  0x0000022a69b7bc60 JavaThread "Live Reload Server"         daemon [_thread_in_native, id=10936, stack(0x000000dda2200000,0x000000dda2300000) (1024K)]
  0x0000022a69b7e3c0 JavaThread "http-nio-8093-exec-1"       daemon [_thread_blocked, id=616, stack(0x000000dda2100000,0x000000dda2200000) (1024K)]
  0x0000022a69b7b5d0 JavaThread "http-nio-8093-exec-2"       daemon [_thread_blocked, id=29916, stack(0x000000dda2300000,0x000000dda2400000) (1024K)]
  0x0000022a6d1206b0 JavaThread "http-nio-8093-exec-3"       daemon [_thread_blocked, id=376, stack(0x000000dda2400000,0x000000dda2500000) (1024K)]
  0x0000022a6d1220f0 JavaThread "http-nio-8093-exec-4"       daemon [_thread_blocked, id=28936, stack(0x000000dda2500000,0x000000dda2600000) (1024K)]
  0x0000022a6d122780 JavaThread "http-nio-8093-exec-5"       daemon [_thread_blocked, id=16144, stack(0x000000dda2600000,0x000000dda2700000) (1024K)]
  0x0000022a6d120d40 JavaThread "http-nio-8093-exec-6"       daemon [_thread_blocked, id=26280, stack(0x000000dda2700000,0x000000dda2800000) (1024K)]
  0x0000022a6d122e10 JavaThread "http-nio-8093-exec-7"       daemon [_thread_blocked, id=31168, stack(0x000000dda2800000,0x000000dda2900000) (1024K)]
  0x0000022a6d1234a0 JavaThread "http-nio-8093-exec-8"       daemon [_thread_blocked, id=31592, stack(0x000000dda2900000,0x000000dda2a00000) (1024K)]
  0x0000022a6d123b30 JavaThread "http-nio-8093-exec-9"       daemon [_thread_blocked, id=19992, stack(0x000000dda2a00000,0x000000dda2b00000) (1024K)]
  0x0000022a6d1213d0 JavaThread "http-nio-8093-exec-10"      daemon [_thread_blocked, id=29540, stack(0x000000dda2b00000,0x000000dda2c00000) (1024K)]
  0x0000022a6d121a60 JavaThread "http-nio-8093-Poller"       daemon [_thread_in_native, id=31960, stack(0x000000dda2c00000,0x000000dda2d00000) (1024K)]
  0x0000022a6637ff00 JavaThread "http-nio-8093-Acceptor"     daemon [_thread_in_native, id=6784, stack(0x000000dda2d00000,0x000000dda2e00000) (1024K)]
=>0x0000022a66380c20 JavaThread "scheduling-1"                      [_thread_in_Java, id=15356, stack(0x000000dda2e00000,0x000000dda2f00000) (1024K)]
  0x0000022a66380590 JavaThread "DestroyJavaVM"                     [_thread_blocked, id=26196, stack(0x000000dd9f300000,0x000000dd9f400000) (1024K)]
Total: 34

Other Threads:
  0x0000022a61b3f430 VMThread "VM Thread"                           [id=24320, stack(0x000000dd9fb00000,0x000000dd9fc00000) (1024K)]
  0x0000022a5efe2180 WatcherThread "VM Periodic Task Thread"        [id=34548, stack(0x000000dd9fa00000,0x000000dd9fb00000) (1024K)]
  0x0000022a46fd6c10 WorkerThread "GC Thread#0"                     [id=16004, stack(0x000000dd9f500000,0x000000dd9f600000) (1024K)]
  0x0000022a66e203e0 WorkerThread "GC Thread#1"                     [id=27884, stack(0x000000dda0b00000,0x000000dda0c00000) (1024K)]
  0x0000022a66e22c10 WorkerThread "GC Thread#2"                     [id=27440, stack(0x000000dda0c00000,0x000000dda0d00000) (1024K)]
  0x0000022a6710d9e0 WorkerThread "GC Thread#3"                     [id=26292, stack(0x000000dda0d00000,0x000000dda0e00000) (1024K)]
  0x0000022a66bcf620 WorkerThread "GC Thread#4"                     [id=17048, stack(0x000000dda0e00000,0x000000dda0f00000) (1024K)]
  0x0000022a66d30430 WorkerThread "GC Thread#5"                     [id=18292, stack(0x000000dda0f00000,0x000000dda1000000) (1024K)]
  0x0000022a6702f7a0 WorkerThread "GC Thread#6"                     [id=30488, stack(0x000000dda1000000,0x000000dda1100000) (1024K)]
  0x0000022a67082830 WorkerThread "GC Thread#7"                     [id=29644, stack(0x000000dda1100000,0x000000dda1200000) (1024K)]
  0x0000022a671b5030 WorkerThread "GC Thread#8"                     [id=25548, stack(0x000000dda0800000,0x000000dda0900000) (1024K)]
  0x0000022a671b5eb0 WorkerThread "GC Thread#9"                     [id=23868, stack(0x000000dda0a00000,0x000000dda0b00000) (1024K)]
  0x0000022a5ee1bf30 ConcurrentGCThread "G1 Main Marker"            [id=28796, stack(0x000000dd9f600000,0x000000dd9f700000) (1024K)]
  0x0000022a46fdd6e0 WorkerThread "G1 Conc#0"                       [id=29152, stack(0x000000dd9f700000,0x000000dd9f800000) (1024K)]
  0x0000022a671b5b10 WorkerThread "G1 Conc#1"                       [id=12064, stack(0x000000dda1700000,0x000000dda1800000) (1024K)]
  0x0000022a671b6250 WorkerThread "G1 Conc#2"                       [id=16224, stack(0x000000dda1800000,0x000000dda1900000) (1024K)]
  0x0000022a5eeb02f0 ConcurrentGCThread "G1 Refine#0"               [id=35824, stack(0x000000dd9f800000,0x000000dd9f900000) (1024K)]
  0x0000022a5eeb1c20 ConcurrentGCThread "G1 Service"                [id=7588, stack(0x000000dd9f900000,0x000000dd9fa00000) (1024K)]
Total: 18

Threads with active compile tasks:
Total: 0

VM state: not at safepoint (normal execution)

VM Mutex/Monitor currently owned by a thread: None

Heap address: 0x0000000704e00000, size: 4018 MB, Compressed Oops mode: Zero based, Oop shift amount: 3

CDS archive(s) not mapped
Compressed class space mapped at: 0x0000000800000000-0x0000000840000000, reserved size: 1073741824
Narrow klass base: 0x0000000800000000, Narrow klass shift: 0, Narrow klass range: 0x40000000

GC Precious Log:
 CardTable entry size: 512
 Card Set container configuration: InlinePtr #cards 4 size 8 Array Of Cards #cards 16 size 48 Howl #buckets 8 coarsen threshold 3686 Howl Bitmap #cards 512 size 80 coarsen threshold 460 Card regions per heap region 1 cards per card region 4096
 CPUs: 12 total, 12 available
 Memory: 16068M
 Large Page Support: Disabled
 NUMA Support: Disabled
 Compressed Oops: Enabled (Zero based)
 Heap Region Size: 2M
 Heap Min Capacity: 8M
 Heap Initial Capacity: 252M
 Heap Max Capacity: 4018M
 Pre-touch: Disabled
 Parallel Workers: 10
 Concurrent Workers: 3
 Concurrent Refinement Workers: 10
 Periodic GC: Disabled

Heap:
 garbage-first heap   total 98304K, used 48029K [0x0000000704e00000, 0x0000000800000000)
  region size 2048K, 11 young (22528K), 3 survivors (6144K)
 Metaspace       used 86846K, committed 87616K, reserved 1179648K
  class space    used 10796K, committed 11136K, reserved 1048576K

Heap Regions: E=young(eden), S=young(survivor), O=old, HS=humongous(starts), HC=humongous(continues), CS=collection set, F=free, TAMS=top-at-mark-start, PB=parsable bottom
|   0|0x0000000704e00000, 0x0000000705000000, 0x0000000705000000|100%| O|  |TAMS 0x0000000704e00000| PB 0x0000000704e00000| Untracked 
|   1|0x0000000705000000, 0x0000000705200000, 0x0000000705200000|100%| O|  |TAMS 0x0000000705000000| PB 0x0000000705000000| Untracked 
|   2|0x0000000705200000, 0x0000000705400000, 0x0000000705400000|100%| O|  |TAMS 0x0000000705200000| PB 0x0000000705200000| Untracked 
|   3|0x0000000705400000, 0x0000000705600000, 0x0000000705600000|100%| O|  |TAMS 0x0000000705400000| PB 0x0000000705400000| Untracked 
|   4|0x0000000705600000, 0x0000000705800000, 0x0000000705800000|100%| O|  |TAMS 0x0000000705600000| PB 0x0000000705600000| Untracked 
|   5|0x0000000705800000, 0x0000000705a00000, 0x0000000705a00000|100%| O|  |TAMS 0x0000000705800000| PB 0x0000000705800000| Untracked 
|   6|0x0000000705a00000, 0x0000000705c00000, 0x0000000705c00000|100%| O|  |TAMS 0x0000000705a00000| PB 0x0000000705a00000| Untracked 
|   7|0x0000000705c00000, 0x0000000705e00000, 0x0000000705e00000|100%| O|  |TAMS 0x0000000705c00000| PB 0x0000000705c00000| Untracked 
|   8|0x0000000705e00000, 0x0000000706000000, 0x0000000706000000|100%| O|  |TAMS 0x0000000705e00000| PB 0x0000000705e00000| Untracked 
|   9|0x0000000706000000, 0x0000000706200000, 0x0000000706200000|100%| O|  |TAMS 0x0000000706000000| PB 0x0000000706000000| Untracked 
|  10|0x0000000706200000, 0x0000000706400000, 0x0000000706400000|100%| O|  |TAMS 0x0000000706200000| PB 0x0000000706200000| Untracked 
|  11|0x0000000706400000, 0x0000000706600000, 0x0000000706600000|100%| O|  |TAMS 0x0000000706400000| PB 0x0000000706400000| Untracked 
|  12|0x0000000706600000, 0x0000000706800000, 0x0000000706800000|100%| O|  |TAMS 0x0000000706600000| PB 0x0000000706600000| Untracked 
|  13|0x0000000706800000, 0x000000070695d3d8, 0x0000000706a00000| 68%| O|  |TAMS 0x0000000706800000| PB 0x0000000706800000| Untracked 
|  14|0x0000000706a00000, 0x0000000706a00000, 0x0000000706c00000|  0%| F|  |TAMS 0x0000000706a00000| PB 0x0000000706a00000| Untracked 
|  15|0x0000000706c00000, 0x0000000706c00000, 0x0000000706e00000|  0%| F|  |TAMS 0x0000000706c00000| PB 0x0000000706c00000| Untracked 
|  16|0x0000000706e00000, 0x0000000706e00000, 0x0000000707000000|  0%| F|  |TAMS 0x0000000706e00000| PB 0x0000000706e00000| Untracked 
|  17|0x0000000707000000, 0x000000070718a370, 0x0000000707200000| 76%| S|CS|TAMS 0x0000000707000000| PB 0x0000000707000000| Complete 
|  18|0x0000000707200000, 0x0000000707400000, 0x0000000707400000|100%| S|CS|TAMS 0x0000000707200000| PB 0x0000000707200000| Complete 
|  19|0x0000000707400000, 0x0000000707400000, 0x0000000707600000|  0%| F|  |TAMS 0x0000000707400000| PB 0x0000000707400000| Untracked 
|  20|0x0000000707600000, 0x0000000707600000, 0x0000000707800000|  0%| F|  |TAMS 0x0000000707600000| PB 0x0000000707600000| Untracked 
|  21|0x0000000707800000, 0x0000000707800000, 0x0000000707a00000|  0%| F|  |TAMS 0x0000000707800000| PB 0x0000000707800000| Untracked 
|  22|0x0000000707a00000, 0x0000000707a00000, 0x0000000707c00000|  0%| F|  |TAMS 0x0000000707a00000| PB 0x0000000707a00000| Untracked 
|  23|0x0000000707c00000, 0x0000000707e00000, 0x0000000707e00000|100%| S|CS|TAMS 0x0000000707c00000| PB 0x0000000707c00000| Complete 
|  24|0x0000000707e00000, 0x0000000707e00000, 0x0000000708000000|  0%| F|  |TAMS 0x0000000707e00000| PB 0x0000000707e00000| Untracked 
|  25|0x0000000708000000, 0x0000000708000000, 0x0000000708200000|  0%| F|  |TAMS 0x0000000708000000| PB 0x0000000708000000| Untracked 
|  26|0x0000000708200000, 0x0000000708200000, 0x0000000708400000|  0%| F|  |TAMS 0x0000000708200000| PB 0x0000000708200000| Untracked 
|  27|0x0000000708400000, 0x0000000708400000, 0x0000000708600000|  0%| F|  |TAMS 0x0000000708400000| PB 0x0000000708400000| Untracked 
|  28|0x0000000708600000, 0x0000000708600000, 0x0000000708800000|  0%| F|  |TAMS 0x0000000708600000| PB 0x0000000708600000| Untracked 
|  29|0x0000000708800000, 0x0000000708800000, 0x0000000708a00000|  0%| F|  |TAMS 0x0000000708800000| PB 0x0000000708800000| Untracked 
|  30|0x0000000708a00000, 0x0000000708a00000, 0x0000000708c00000|  0%| F|  |TAMS 0x0000000708a00000| PB 0x0000000708a00000| Untracked 
|  31|0x0000000708c00000, 0x0000000708c00000, 0x0000000708e00000|  0%| F|  |TAMS 0x0000000708c00000| PB 0x0000000708c00000| Untracked 
|  32|0x0000000708e00000, 0x0000000708e00000, 0x0000000709000000|  0%| F|  |TAMS 0x0000000708e00000| PB 0x0000000708e00000| Untracked 
|  33|0x0000000709000000, 0x0000000709000000, 0x0000000709200000|  0%| F|  |TAMS 0x0000000709000000| PB 0x0000000709000000| Untracked 
|  34|0x0000000709200000, 0x0000000709200000, 0x0000000709400000|  0%| F|  |TAMS 0x0000000709200000| PB 0x0000000709200000| Untracked 
|  35|0x0000000709400000, 0x0000000709400000, 0x0000000709600000|  0%| F|  |TAMS 0x0000000709400000| PB 0x0000000709400000| Untracked 
|  36|0x0000000709600000, 0x0000000709600000, 0x0000000709800000|  0%| F|  |TAMS 0x0000000709600000| PB 0x0000000709600000| Untracked 
|  37|0x0000000709800000, 0x0000000709800000, 0x0000000709a00000|  0%| F|  |TAMS 0x0000000709800000| PB 0x0000000709800000| Untracked 
|  38|0x0000000709a00000, 0x0000000709a00000, 0x0000000709c00000|  0%| F|  |TAMS 0x0000000709a00000| PB 0x0000000709a00000| Untracked 
|  39|0x0000000709c00000, 0x0000000709c00000, 0x0000000709e00000|  0%| F|  |TAMS 0x0000000709c00000| PB 0x0000000709c00000| Untracked 
|  40|0x0000000709e00000, 0x000000070a000000, 0x000000070a000000|100%| E|  |TAMS 0x0000000709e00000| PB 0x0000000709e00000| Complete 
|  41|0x000000070a000000, 0x000000070a200000, 0x000000070a200000|100%| E|CS|TAMS 0x000000070a000000| PB 0x000000070a000000| Complete 
|  42|0x000000070a200000, 0x000000070a400000, 0x000000070a400000|100%| E|CS|TAMS 0x000000070a200000| PB 0x000000070a200000| Complete 
|  43|0x000000070a400000, 0x000000070a600000, 0x000000070a600000|100%| E|CS|TAMS 0x000000070a400000| PB 0x000000070a400000| Complete 
|  44|0x000000070a600000, 0x000000070a800000, 0x000000070a800000|100%| E|CS|TAMS 0x000000070a600000| PB 0x000000070a600000| Complete 
|  45|0x000000070a800000, 0x000000070aa00000, 0x000000070aa00000|100%| E|CS|TAMS 0x000000070a800000| PB 0x000000070a800000| Complete 
|  46|0x000000070aa00000, 0x000000070ac00000, 0x000000070ac00000|100%| E|CS|TAMS 0x000000070aa00000| PB 0x000000070aa00000| Complete 
| 125|0x0000000714800000, 0x0000000714a00000, 0x0000000714a00000|100%| E|CS|TAMS 0x0000000714800000| PB 0x0000000714800000| Complete 

Card table byte_map: [0x0000022a5a760000,0x0000022a5af40000] _byte_map_base: 0x0000022a56f39000

Marking Bits: (CMBitMap*) 0x0000022a46fd7220
 Bits: [0x0000022a5af40000, 0x0000022a5ee08000)

Polling page: 0x0000022a44de0000

Metaspace:

Usage:
  Non-class:     74.27 MB used.
      Class:     10.54 MB used.
       Both:     84.81 MB used.

Virtual space:
  Non-class space:      128.00 MB reserved,      74.69 MB ( 58%) committed,  2 nodes.
      Class space:        1.00 GB reserved,      10.88 MB (  1%) committed,  1 nodes.
             Both:        1.12 GB reserved,      85.56 MB (  7%) committed. 

Chunk freelists:
   Non-Class:  4.89 MB
       Class:  5.06 MB
        Both:  9.95 MB

MaxMetaspaceSize: unlimited
CompressedClassSpaceSize: 1.00 GB
Initial GC threshold: 21.00 MB
Current GC threshold: 98.56 MB
CDS: off
 - commit_granule_bytes: 65536.
 - commit_granule_words: 8192.
 - virtual_space_node_default_size: 8388608.
 - enlarge_chunks_in_place: 1.
 - use_allocation_guard: 0.


Internal statistics:

num_allocs_failed_limit: 9.
num_arena_births: 1062.
num_arena_deaths: 0.
num_vsnodes_births: 3.
num_vsnodes_deaths: 0.
num_space_committed: 1369.
num_space_uncommitted: 0.
num_chunks_returned_to_freelist: 9.
num_chunks_taken_from_freelist: 3765.
num_chunk_merges: 3.
num_chunk_splits: 2642.
num_chunks_enlarged: 1986.
num_inconsistent_stats: 0.

CodeHeap 'non-profiled nmethods': size=120000Kb used=6536Kb max_used=6536Kb free=113464Kb
 bounds [0x0000022a524f0000, 0x0000022a52b60000, 0x0000022a59a20000]
CodeHeap 'profiled nmethods': size=120000Kb used=16003Kb max_used=16003Kb free=103997Kb
 bounds [0x0000022a4aa20000, 0x0000022a4b9d0000, 0x0000022a51f50000]
CodeHeap 'non-nmethods': size=5760Kb used=1810Kb max_used=1864Kb free=3949Kb
 bounds [0x0000022a51f50000, 0x0000022a521c0000, 0x0000022a524f0000]
 total_blobs=8143 nmethods=7381 adapters=666
 compilation: enabled
              stopped_count=0, restarted_count=0
 full_count=0

Compilation events (20 events):
Event: 204.630 Thread 0x0000022a61b8c120 7998       4       jdk.internal.misc.Unsafe::putReferenceOpaque (9 bytes)
Event: 204.632 Thread 0x0000022a61b8c120 nmethod 7998 0x0000022a52b51c90 code [0x0000022a52b51e20, 0x0000022a52b51f80]
Event: 204.815 Thread 0x0000022a61bbc0b0 7999       3       java.util.concurrent.locks.ReentrantReadWriteLock$Sync::tryReleaseShared (146 bytes)
Event: 204.816 Thread 0x0000022a61bbc0b0 nmethod 7999 0x0000022a4b9b9a10 code [0x0000022a4b9b9c80, 0x0000022a4b9ba908]
Event: 204.816 Thread 0x0000022a61bbc0b0 8000       3       java.util.concurrent.locks.ReentrantLock::lockInterruptibly (8 bytes)
Event: 204.816 Thread 0x0000022a61bbc0b0 nmethod 8000 0x0000022a4b9bae10 code [0x0000022a4b9bb020, 0x0000022a4b9bb5f0]
Event: 204.816 Thread 0x0000022a61bbc0b0 8001       3       java.util.concurrent.locks.ReentrantLock$Sync::lockInterruptibly (27 bytes)
Event: 204.817 Thread 0x0000022a61bbc0b0 nmethod 8001 0x0000022a4b9bb810 code [0x0000022a4b9bba20, 0x0000022a4b9bbf70]
Event: 213.046 Thread 0x0000022a61bbc0b0 8002       3       java.util.concurrent.ScheduledThreadPoolExecutor$DelayedWorkQueue::add (9 bytes)
Event: 213.046 Thread 0x0000022a61bbc0b0 nmethod 8002 0x0000022a4b9bc190 code [0x0000022a4b9bc360, 0x0000022a4b9bc650]
Event: 213.046 Thread 0x0000022a61bbc0b0 8003       3       java.util.concurrent.ScheduledThreadPoolExecutor$DelayedWorkQueue::add (6 bytes)
Event: 213.046 Thread 0x0000022a61bbc0b0 nmethod 8003 0x0000022a4b9bc790 code [0x0000022a4b9bc940, 0x0000022a4b9bcaa8]
Event: 213.046 Thread 0x0000022a61bbc0b0 8004   !   3       java.util.concurrent.ScheduledThreadPoolExecutor$DelayedWorkQueue::offer (123 bytes)
Event: 213.047 Thread 0x0000022a61bbc0b0 nmethod 8004 0x0000022a4b9bcb90 code [0x0000022a4b9bcec0, 0x0000022a4b9be378]
Event: 214.822 Thread 0x0000022a61bbc0b0 8005       3       java.util.concurrent.ThreadPoolExecutor$Worker::unlock (7 bytes)
Event: 214.823 Thread 0x0000022a61bbc0b0 nmethod 8005 0x0000022a4b9bec90 code [0x0000022a4b9bee60, 0x0000022a4b9bf0d8]
Event: 214.823 Thread 0x0000022a61bbc0b0 8006       3       java.util.concurrent.ThreadPoolExecutor$Worker::tryRelease (12 bytes)
Event: 214.823 Thread 0x0000022a61bbc0b0 nmethod 8006 0x0000022a4b9bf210 code [0x0000022a4b9bf3c0, 0x0000022a4b9bf538]
Event: 216.047 Thread 0x0000022a61bbc0b0 8007   !   3       java.util.concurrent.ThreadPoolExecutor::getTask (177 bytes)
Event: 216.047 Thread 0x0000022a61bbc0b0 nmethod 8007 0x0000022a4b9bf610 code [0x0000022a4b9bf8c0, 0x0000022a4b9c0780]

GC Heap History (20 events):
Event: 12.774 GC heap before
{Heap before GC invocations=12 (full 0):
 garbage-first heap   total 81920K, used 62837K [0x0000000704e00000, 0x0000000800000000)
  region size 2048K, 24 young (49152K), 3 survivors (6144K)
 Metaspace       used 49693K, committed 50240K, reserved 1114112K
  class space    used 5633K, committed 5888K, reserved 1048576K
}
Event: 12.778 GC heap after
{Heap after GC invocations=13 (full 0):
 garbage-first heap   total 81920K, used 20941K [0x0000000704e00000, 0x0000000800000000)
  region size 2048K, 1 young (2048K), 1 survivors (2048K)
 Metaspace       used 49693K, committed 50240K, reserved 1114112K
  class space    used 5633K, committed 5888K, reserved 1048576K
}
Event: 13.137 GC heap before
{Heap before GC invocations=13 (full 0):
 garbage-first heap   total 81920K, used 68045K [0x0000000704e00000, 0x0000000800000000)
  region size 2048K, 24 young (49152K), 1 survivors (2048K)
 Metaspace       used 54004K, committed 54528K, reserved 1114112K
  class space    used 6340K, committed 6592K, reserved 1048576K
}
Event: 13.139 GC heap after
{Heap after GC invocations=14 (full 0):
 garbage-first heap   total 81920K, used 21772K [0x0000000704e00000, 0x0000000800000000)
  region size 2048K, 2 young (4096K), 2 survivors (4096K)
 Metaspace       used 54004K, committed 54528K, reserved 1114112K
  class space    used 6340K, committed 6592K, reserved 1048576K
}
Event: 13.442 GC heap before
{Heap before GC invocations=14 (full 0):
 garbage-first heap   total 81920K, used 66828K [0x0000000704e00000, 0x0000000800000000)
  region size 2048K, 24 young (49152K), 2 survivors (4096K)
 Metaspace       used 58434K, committed 58944K, reserved 1114112K
  class space    used 6948K, committed 7168K, reserved 1048576K
}
Event: 13.445 GC heap after
{Heap after GC invocations=15 (full 0):
 garbage-first heap   total 81920K, used 22756K [0x0000000704e00000, 0x0000000800000000)
  region size 2048K, 2 young (4096K), 2 survivors (4096K)
 Metaspace       used 58434K, committed 58944K, reserved 1114112K
  class space    used 6948K, committed 7168K, reserved 1048576K
}
Event: 13.532 GC heap before
{Heap before GC invocations=15 (full 0):
 garbage-first heap   total 81920K, used 37092K [0x0000000704e00000, 0x0000000800000000)
  region size 2048K, 10 young (20480K), 2 survivors (4096K)
 Metaspace       used 59926K, committed 60416K, reserved 1114112K
  class space    used 7105K, committed 7360K, reserved 1048576K
}
Event: 13.534 GC heap after
{Heap after GC invocations=16 (full 0):
 garbage-first heap   total 81920K, used 22988K [0x0000000704e00000, 0x0000000800000000)
  region size 2048K, 2 young (4096K), 2 survivors (4096K)
 Metaspace       used 59926K, committed 60416K, reserved 1114112K
  class space    used 7105K, committed 7360K, reserved 1048576K
}
Event: 13.785 GC heap before
{Heap before GC invocations=17 (full 0):
 garbage-first heap   total 81920K, used 65996K [0x0000000704e00000, 0x0000000800000000)
  region size 2048K, 24 young (49152K), 2 survivors (4096K)
 Metaspace       used 65223K, committed 65728K, reserved 1114112K
  class space    used 7955K, committed 8192K, reserved 1048576K
}
Event: 13.787 GC heap after
{Heap after GC invocations=18 (full 0):
 garbage-first heap   total 81920K, used 23677K [0x0000000704e00000, 0x0000000800000000)
  region size 2048K, 2 young (4096K), 2 survivors (4096K)
 Metaspace       used 65223K, committed 65728K, reserved 1114112K
  class space    used 7955K, committed 8192K, reserved 1048576K
}
Event: 14.080 GC heap before
{Heap before GC invocations=18 (full 0):
 garbage-first heap   total 81920K, used 68733K [0x0000000704e00000, 0x0000000800000000)
  region size 2048K, 24 young (49152K), 2 survivors (4096K)
 Metaspace       used 69448K, committed 70016K, reserved 1114112K
  class space    used 8599K, committed 8832K, reserved 1048576K
}
Event: 14.086 GC heap after
{Heap after GC invocations=19 (full 0):
 garbage-first heap   total 81920K, used 24113K [0x0000000704e00000, 0x0000000800000000)
  region size 2048K, 2 young (4096K), 2 survivors (4096K)
 Metaspace       used 69448K, committed 70016K, reserved 1114112K
  class space    used 8599K, committed 8832K, reserved 1048576K
}
Event: 14.512 GC heap before
{Heap before GC invocations=19 (full 0):
 garbage-first heap   total 81920K, used 69169K [0x0000000704e00000, 0x0000000800000000)
  region size 2048K, 24 young (49152K), 2 survivors (4096K)
 Metaspace       used 73644K, committed 74304K, reserved 1179648K
  class space    used 9161K, committed 9472K, reserved 1048576K
}
Event: 14.517 GC heap after
{Heap after GC invocations=20 (full 0):
 garbage-first heap   total 81920K, used 26510K [0x0000000704e00000, 0x0000000800000000)
  region size 2048K, 3 young (6144K), 3 survivors (6144K)
 Metaspace       used 73644K, committed 74304K, reserved 1179648K
  class space    used 9161K, committed 9472K, reserved 1048576K
}
Event: 14.961 GC heap before
{Heap before GC invocations=20 (full 0):
 garbage-first heap   total 81920K, used 69518K [0x0000000704e00000, 0x0000000800000000)
  region size 2048K, 24 young (49152K), 3 survivors (6144K)
 Metaspace       used 77447K, committed 78080K, reserved 1179648K
  class space    used 9624K, committed 9920K, reserved 1048576K
}
Event: 14.966 GC heap after
{Heap after GC invocations=21 (full 0):
 garbage-first heap   total 98304K, used 28442K [0x0000000704e00000, 0x0000000800000000)
  region size 2048K, 3 young (6144K), 3 survivors (6144K)
 Metaspace       used 77447K, committed 78080K, reserved 1179648K
  class space    used 9624K, committed 9920K, reserved 1048576K
}
Event: 40.774 GC heap before
{Heap before GC invocations=21 (full 0):
 garbage-first heap   total 98304K, used 79642K [0x0000000704e00000, 0x0000000800000000)
  region size 2048K, 28 young (57344K), 3 survivors (6144K)
 Metaspace       used 81635K, committed 82304K, reserved 1179648K
  class space    used 10224K, committed 10496K, reserved 1048576K
}
Event: 40.780 GC heap after
{Heap after GC invocations=22 (full 0):
 garbage-first heap   total 98304K, used 31328K [0x0000000704e00000, 0x0000000800000000)
  region size 2048K, 4 young (8192K), 4 survivors (8192K)
 Metaspace       used 81635K, committed 82304K, reserved 1179648K
  class space    used 10224K, committed 10496K, reserved 1048576K
}
Event: 87.904 GC heap before
{Heap before GC invocations=22 (full 0):
 garbage-first heap   total 98304K, used 78432K [0x0000000704e00000, 0x0000000800000000)
  region size 2048K, 28 young (57344K), 4 survivors (8192K)
 Metaspace       used 86140K, committed 86848K, reserved 1179648K
  class space    used 10750K, committed 11072K, reserved 1048576K
}
Event: 87.915 GC heap after
{Heap after GC invocations=23 (full 0):
 garbage-first heap   total 98304K, used 33693K [0x0000000704e00000, 0x0000000800000000)
  region size 2048K, 3 young (6144K), 3 survivors (6144K)
 Metaspace       used 86140K, committed 86848K, reserved 1179648K
  class space    used 10750K, committed 11072K, reserved 1048576K
}

Dll operation events (12 events):
Event: 0.014 Loaded shared library C:\Users\saliaam\Downloads\sts-4.24.0.RELEASE\plugins\org.eclipse.justj.openjdk.hotspot.jre.full.win32.x86_64_21.0.3.v20240426-1530\jre\bin\java.dll
Event: 0.021 Loaded shared library C:\Users\saliaam\Downloads\sts-4.24.0.RELEASE\plugins\org.eclipse.justj.openjdk.hotspot.jre.full.win32.x86_64_21.0.3.v20240426-1530\jre\bin\zip.dll
Event: 0.216 Loaded shared library C:\Users\saliaam\Downloads\sts-4.24.0.RELEASE\plugins\org.eclipse.justj.openjdk.hotspot.jre.full.win32.x86_64_21.0.3.v20240426-1530\jre\bin\instrument.dll
Event: 0.229 Loaded shared library C:\Users\saliaam\Downloads\sts-4.24.0.RELEASE\plugins\org.eclipse.justj.openjdk.hotspot.jre.full.win32.x86_64_21.0.3.v20240426-1530\jre\bin\net.dll
Event: 0.232 Loaded shared library C:\Users\saliaam\Downloads\sts-4.24.0.RELEASE\plugins\org.eclipse.justj.openjdk.hotspot.jre.full.win32.x86_64_21.0.3.v20240426-1530\jre\bin\nio.dll
Event: 0.237 Loaded shared library C:\Users\saliaam\Downloads\sts-4.24.0.RELEASE\plugins\org.eclipse.justj.openjdk.hotspot.jre.full.win32.x86_64_21.0.3.v20240426-1530\jre\bin\zip.dll
Event: 0.344 Loaded shared library C:\Users\saliaam\Downloads\sts-4.24.0.RELEASE\plugins\org.eclipse.justj.openjdk.hotspot.jre.full.win32.x86_64_21.0.3.v20240426-1530\jre\bin\jimage.dll
Event: 0.379 Loaded shared library C:\Users\saliaam\Downloads\sts-4.24.0.RELEASE\plugins\org.eclipse.justj.openjdk.hotspot.jre.full.win32.x86_64_21.0.3.v20240426-1530\jre\bin\verify.dll
Event: 8.192 Loaded shared library C:\Users\saliaam\Downloads\sts-4.24.0.RELEASE\plugins\org.eclipse.justj.openjdk.hotspot.jre.full.win32.x86_64_21.0.3.v20240426-1530\jre\bin\management.dll
Event: 8.195 Loaded shared library C:\Users\saliaam\Downloads\sts-4.24.0.RELEASE\plugins\org.eclipse.justj.openjdk.hotspot.jre.full.win32.x86_64_21.0.3.v20240426-1530\jre\bin\management_ext.dll
Event: 10.575 Loaded shared library C:\Users\saliaam\Downloads\sts-4.24.0.RELEASE\plugins\org.eclipse.justj.openjdk.hotspot.jre.full.win32.x86_64_21.0.3.v20240426-1530\jre\bin\sunmscapi.dll
Event: 12.150 Loaded shared library C:\Users\saliaam\Downloads\sts-4.24.0.RELEASE\plugins\org.eclipse.justj.openjdk.hotspot.jre.full.win32.x86_64_21.0.3.v20240426-1530\jre\bin\extnet.dll

Deoptimization events (20 events):
Event: 119.175 Thread 0x0000022a66380c20 DEOPT PACKING pc=0x0000022a4b0ef384 sp=0x000000dda2efd610
Event: 119.175 Thread 0x0000022a66380c20 DEOPT UNPACKING pc=0x0000022a51fa4e42 sp=0x000000dda2efcb40 mode 1
Event: 119.175 Thread 0x0000022a66380c20 DEOPT PACKING pc=0x0000022a4b42aa5c sp=0x000000dda2efd720
Event: 119.175 Thread 0x0000022a66380c20 DEOPT UNPACKING pc=0x0000022a51fa4e42 sp=0x000000dda2efcc78 mode 1
Event: 129.180 Thread 0x0000022a66380c20 DEOPT PACKING pc=0x0000022a4b0ef384 sp=0x000000dda2efd610
Event: 129.180 Thread 0x0000022a66380c20 DEOPT UNPACKING pc=0x0000022a51fa4e42 sp=0x000000dda2efcb40 mode 1
Event: 129.180 Thread 0x0000022a66380c20 DEOPT PACKING pc=0x0000022a4b42aa5c sp=0x000000dda2efd720
Event: 129.180 Thread 0x0000022a66380c20 DEOPT UNPACKING pc=0x0000022a51fa4e42 sp=0x000000dda2efcc78 mode 1
Event: 197.248 Thread 0x0000022a66380c20 DEOPT PACKING pc=0x0000022a4ab5b901 sp=0x000000dda2efe340
Event: 197.249 Thread 0x0000022a66380c20 DEOPT UNPACKING pc=0x0000022a51fa4e42 sp=0x000000dda2efd850 mode 0
Event: 197.253 Thread 0x0000022a66380c20 DEOPT PACKING pc=0x0000022a4b0ef384 sp=0x000000dda2efd610
Event: 197.253 Thread 0x0000022a66380c20 DEOPT UNPACKING pc=0x0000022a51fa4e42 sp=0x000000dda2efcb40 mode 1
Event: 197.253 Thread 0x0000022a66380c20 DEOPT PACKING pc=0x0000022a4b42aa5c sp=0x000000dda2efd720
Event: 197.253 Thread 0x0000022a66380c20 DEOPT UNPACKING pc=0x0000022a51fa4e42 sp=0x000000dda2efcc78 mode 1
Event: 216.050 Thread 0x0000022a66380c20 DEOPT PACKING pc=0x0000022a4b6abb94 sp=0x000000dda2efeee0
Event: 216.050 Thread 0x0000022a66380c20 DEOPT UNPACKING pc=0x0000022a51fa4e42 sp=0x000000dda2efe388 mode 0
Event: 216.060 Thread 0x0000022a61ebe280 Uncommon trap: trap_request=0xffffff45 fr.pc=0x0000022a528e287c relative=0x000000000000013c
Event: 216.060 Thread 0x0000022a61ebe280 Uncommon trap: reason=unstable_if action=reinterpret pc=0x0000022a528e287c method=sun.instrument.InstrumentationImpl.transform(Ljava/lang/Module;Ljava/lang/ClassLoader;Ljava/lang/String;Ljava/lang/Class;Ljava/security/ProtectionDomain;[BZ)[B @ 24 c2
Event: 216.060 Thread 0x0000022a61ebe280 DEOPT PACKING pc=0x0000022a528e287c sp=0x000000dda05fe6b0
Event: 216.061 Thread 0x0000022a61ebe280 DEOPT UNPACKING pc=0x0000022a51fa46a2 sp=0x000000dda05fe638 mode 2

Classes loaded (20 events):
Event: 87.784 Loading class java/nio/channels/spi/AbstractSelectionKey done
Event: 87.784 Loading class sun/nio/ch/SelectionKeyImpl done
Event: 87.784 Loading class java/lang/invoke/ConstantBootstraps
Event: 87.784 Loading class java/lang/invoke/ConstantBootstraps done
Event: 87.823 Loading class sun/nio/cs/ThreadLocalCoders
Event: 87.824 Loading class sun/nio/cs/ThreadLocalCoders done
Event: 87.824 Loading class sun/nio/cs/ThreadLocalCoders$1
Event: 87.824 Loading class sun/nio/cs/ThreadLocalCoders$Cache
Event: 87.824 Loading class sun/nio/cs/ThreadLocalCoders$Cache done
Event: 87.824 Loading class sun/nio/cs/ThreadLocalCoders$1 done
Event: 87.824 Loading class sun/nio/cs/ThreadLocalCoders$2
Event: 87.824 Loading class sun/nio/cs/ThreadLocalCoders$2 done
Event: 88.032 Loading class java/util/OptionalLong
Event: 88.032 Loading class java/util/OptionalLong done
Event: 88.032 Loading class java/util/OptionalDouble
Event: 88.033 Loading class java/util/OptionalDouble done
Event: 88.036 Loading class java/util/stream/LongStream
Event: 88.036 Loading class java/util/stream/LongStream done
Event: 88.037 Loading class java/util/stream/DoubleStream
Event: 88.037 Loading class java/util/stream/DoubleStream done

Classes unloaded (0 events):
No events

Classes redefined (1 events):
Event: 216.070 Thread 0x0000022a61b3f430 redefined class name=com.eob.config.JobController, count=1

Internal exceptions (20 events):
Event: 14.606 Thread 0x0000022a6715e8b0 Exception <a 'java/lang/NoSuchMethodError'{0x00000007097169e8}: 'long java.lang.invoke.DirectMethodHandle$Holder.invokeVirtual(java.lang.Object, java.lang.Object)'> (0x00000007097169e8) 
thrown [s\src\hotspot\share\interpreter\linkResolver.cpp, line 773]
Event: 14.611 Thread 0x0000022a6715e8b0 Exception <a 'java/io/FileNotFoundException'{0x0000000709785f28}> (0x0000000709785f28) 
thrown [s\src\hotspot\share\prims\jni.cpp, line 520]
Event: 14.690 Thread 0x0000022a6715e8b0 Exception <a 'java/lang/IncompatibleClassChangeError'{0x0000000708e56dd8}: Found class java.lang.Object, but interface was expected> (0x0000000708e56dd8) 
thrown [s\src\hotspot\share\interpreter\linkResolver.cpp, line 840]
Event: 14.700 Thread 0x0000022a6715e8b0 Exception <a 'java/lang/IncompatibleClassChangeError'{0x0000000708f40398}: Found class java.lang.Object, but interface was expected> (0x0000000708f40398) 
thrown [s\src\hotspot\share\interpreter\linkResolver.cpp, line 840]
Event: 14.735 Thread 0x0000022a6715e8b0 Exception <a 'java/lang/IncompatibleClassChangeError'{0x0000000708b0b168}: Found class java.lang.Object, but interface was expected> (0x0000000708b0b168) 
thrown [s\src\hotspot\share\interpreter\linkResolver.cpp, line 840]
Event: 14.879 Thread 0x0000022a6715e8b0 Exception <a 'java/lang/IncompatibleClassChangeError'{0x0000000707d551a0}: Found class java.lang.Object, but interface was expected> (0x0000000707d551a0) 
thrown [s\src\hotspot\share\interpreter\linkResolver.cpp, line 840]
Event: 40.418 Thread 0x0000022a6715e8b0 Exception <a 'java/lang/IncompatibleClassChangeError'{0x0000000709ca7760}: Found class java.lang.Object, but interface was expected> (0x0000000709ca7760) 
thrown [s\src\hotspot\share\interpreter\linkResolver.cpp, line 840]
Event: 40.739 Thread 0x0000022a6715e8b0 Exception <a 'java/lang/IncompatibleClassChangeError'{0x0000000707f03900}: Found class java.lang.Object, but interface was expected> (0x0000000707f03900) 
thrown [s\src\hotspot\share\interpreter\linkResolver.cpp, line 840]
Event: 40.781 Thread 0x0000022a6715e8b0 Exception <a 'java/lang/NoSuchMethodError'{0x00000007148017c0}: 'void java.lang.invoke.DirectMethodHandle$Holder.invokeVirtual(java.lang.Object, java.lang.Object, long)'> (0x00000007148017c0) 
thrown [s\src\hotspot\share\interpreter\linkResolver.cpp, line 773]
Event: 40.840 Thread 0x0000022a6715e8b0 Exception <a 'java/lang/NoSuchMethodError'{0x000000070a7ed018}: 'int java.lang.invoke.DirectMethodHandle$Holder.invokeStaticInit(java.lang.Object, java.lang.Object, java.lang.Object, java.lang.Object)'> (0x000000070a7ed018) 
thrown [s\src\hotspot\share\interpreter\linkResolver.cpp, line 773]
Event: 40.880 Thread 0x0000022a6715e8b0 Implicit null exception at 0x0000022a526f6a88 to 0x0000022a526f6d4c
Event: 40.999 Thread 0x0000022a6715e8b0 Exception <a 'java/lang/NoSuchMethodError'{0x0000000709b82af0}: 'java.lang.Object java.lang.invoke.DirectMethodHandle$Holder.newInvokeSpecial(java.lang.Object, java.lang.Object, int, java.lang.Object, java.lang.Object)'> (0x0000000709b82af0) 
thrown [s\src\hotspot\share\interpreter\linkResolver.cpp, line 773]
Event: 49.140 Thread 0x0000022a66380c20 Exception <a 'java/lang/NoSuchMethodError'{0x000000070930c320}: 'java.lang.Object java.lang.invoke.DirectMethodHandle$Holder.invokeInterface(java.lang.Object, java.lang.Object, java.lang.Object, java.lang.Object)'> (0x000000070930c320) 
thrown [s\src\hotspot\share\interpreter\linkResolver.cpp, line 773]
Event: 49.160 Thread 0x0000022a66380c20 Exception <a 'java/lang/NoSuchMethodError'{0x00000007090cef60}: 'java.lang.Object java.lang.invoke.DirectMethodHandle$Holder.invokeSpecial(java.lang.Object, java.lang.Object, java.lang.Object, java.lang.Object, java.lang.Object, int)'> (0x00000007090cef60) 
thrown [s\src\hotspot\share\interpreter\linkResolver.cpp, line 773]
Event: 49.160 Thread 0x0000022a66380c20 Exception <a 'java/lang/NoSuchMethodError'{0x00000007090d27d0}: 'java.lang.Object java.lang.invoke.Invokers$Holder.linkToTargetMethod(java.lang.Object, java.lang.Object, java.lang.Object, int, java.lang.Object)'> (0x00000007090d27d0) 
thrown [s\src\hotspot\share\interpreter\linkResolver.cpp, line 773]
Event: 49.178 Thread 0x0000022a66380c20 Exception <a 'java/lang/NoSuchMethodError'{0x0000000709155048}: 'java.lang.Object java.lang.invoke.DirectMethodHandle$Holder.newInvokeSpecial(java.lang.Object, java.lang.Object, java.lang.Object, java.lang.Object, int)'> (0x0000000709155048) 
thrown [s\src\hotspot\share\interpreter\linkResolver.cpp, line 773]
Event: 49.182 Thread 0x0000022a66380c20 Exception <a 'java/lang/NoSuchMethodError'{0x0000000709176fb8}: 'long java.lang.invoke.Invokers$Holder.invokeExact_MT(java.lang.Object, java.lang.Object)'> (0x0000000709176fb8) 
thrown [s\src\hotspot\share\interpreter\linkResolver.cpp, line 773]
Event: 49.207 Thread 0x0000022a66380c20 Exception <a 'java/lang/NoSuchMethodError'{0x0000000708eed2e8}: 'long java.lang.invoke.DirectMethodHandle$Holder.invokeInterface(java.lang.Object, java.lang.Object, java.lang.Object, java.lang.Object)'> (0x0000000708eed2e8) 
thrown [s\src\hotspot\share\interpreter\linkResolver.cpp, line 773]
Event: 87.819 Thread 0x0000022a69b7e3c0 Exception <a 'java/lang/NoSuchMethodError'{0x00000007082649b8}: 'java.lang.Object java.lang.invoke.DirectMethodHandle$Holder.invokeSpecial(java.lang.Object, java.lang.Object, java.lang.Object, java.lang.Object, java.lang.Object, long)'> (0x00000007082649b8) 
thrown [s\src\hotspot\share\interpreter\linkResolver.cpp, line 773]
Event: 87.820 Thread 0x0000022a69b7e3c0 Exception <a 'java/lang/NoSuchMethodError'{0x00000007082686b0}: 'java.lang.Object java.lang.invoke.Invokers$Holder.linkToTargetMethod(java.lang.Object, java.lang.Object, java.lang.Object, long, java.lang.Object)'> (0x00000007082686b0) 
thrown [s\src\hotspot\share\interpreter\linkResolver.cpp, line 773]

ZGC Phase Switch (0 events):
No events

VM Operations (20 events):
Event: 205.250 Executing VM operation: Cleanup
Event: 205.250 Executing VM operation: Cleanup done
Event: 207.275 Executing VM operation: Cleanup
Event: 207.276 Executing VM operation: Cleanup done
Event: 215.369 Executing VM operation: Cleanup
Event: 215.369 Executing VM operation: Cleanup done
Event: 216.050 Executing VM operation: ChangeSingleStep
Event: 216.050 Executing VM operation: ChangeSingleStep done
Event: 216.050 Executing VM operation: ChangeSingleStep
Event: 216.050 Executing VM operation: ChangeSingleStep done
Event: 216.061 Executing VM operation: RedefineClasses
Event: 216.088 Executing VM operation: RedefineClasses done
Event: 216.110 Executing VM operation: ChangeBreakpoints
Event: 216.113 Executing VM operation: ChangeBreakpoints done
Event: 216.113 Executing VM operation: ChangeBreakpoints
Event: 216.115 Executing VM operation: ChangeBreakpoints done
Event: 216.139 Executing VM operation: ChangeBreakpoints
Event: 216.141 Executing VM operation: ChangeBreakpoints done
Event: 216.146 Executing VM operation: ChangeSingleStep
Event: 216.146 Executing VM operation: ChangeSingleStep done

Events (20 events):
Event: 41.008 Thread 0x0000022a6d1220f0 Thread added: 0x0000022a6d1220f0
Event: 41.008 Thread 0x0000022a6d122780 Thread added: 0x0000022a6d122780
Event: 41.008 Thread 0x0000022a6d120d40 Thread added: 0x0000022a6d120d40
Event: 41.008 Thread 0x0000022a6d122e10 Thread added: 0x0000022a6d122e10
Event: 41.009 Thread 0x0000022a6d1234a0 Thread added: 0x0000022a6d1234a0
Event: 41.009 Thread 0x0000022a6d123b30 Thread added: 0x0000022a6d123b30
Event: 41.009 Thread 0x0000022a6d1213d0 Thread added: 0x0000022a6d1213d0
Event: 41.038 Thread 0x0000022a6d121a60 Thread added: 0x0000022a6d121a60
Event: 41.041 Thread 0x0000022a6637ff00 Thread added: 0x0000022a6637ff00
Event: 41.060 Thread 0x0000022a66380c20 Thread added: 0x0000022a66380c20
Event: 41.069 Thread 0x0000022a6715e8b0 Thread exited: 0x0000022a6715e8b0
Event: 41.072 Thread 0x0000022a6715d850 Thread exited: 0x0000022a6715d850
Event: 41.609 Thread 0x0000022a61bb9ea0 Thread exited: 0x0000022a61bb9ea0
Event: 42.017 Thread 0x0000022a61bb97d0 Thread exited: 0x0000022a61bb97d0
Event: 44.208 Thread 0x0000022a44a8bc30 Thread exited: 0x0000022a44a8bc30
Event: 44.208 Thread 0x0000022a66380590 Thread added: 0x0000022a66380590
Event: 59.176 Thread 0x0000022a61bb9ea0 Thread added: 0x0000022a61bb9ea0
Event: 64.048 Thread 0x0000022a61bb9ea0 Thread exited: 0x0000022a61bb9ea0
Event: 87.934 Thread 0x0000022a61bb97d0 Thread added: 0x0000022a61bb97d0
Event: 89.115 Thread 0x0000022a61bb97d0 Thread exited: 0x0000022a61bb97d0


Dynamic libraries:
0x00007ff7ca420000 - 0x00007ff7ca42e000 	C:\Users\saliaam\Downloads\sts-4.24.0.RELEASE\plugins\org.eclipse.justj.openjdk.hotspot.jre.full.win32.x86_64_21.0.3.v20240426-1530\jre\bin\javaw.exe
0x00007ffb64f90000 - 0x00007ffb651a4000 	C:\WINDOWS\SYSTEM32\ntdll.dll
0x00007ffb64930000 - 0x00007ffb649f2000 	C:\WINDOWS\System32\KERNEL32.DLL
0x00007ffb62870000 - 0x00007ffb62c13000 	C:\WINDOWS\System32\KERNELBASE.dll
0x00007ffb624d0000 - 0x00007ffb625e1000 	C:\WINDOWS\System32\ucrtbase.dll
0x00007ffb3e6b0000 - 0x00007ffb3e6c8000 	C:\Users\saliaam\Downloads\sts-4.24.0.RELEASE\plugins\org.eclipse.justj.openjdk.hotspot.jre.full.win32.x86_64_21.0.3.v20240426-1530\jre\bin\jli.dll
0x00007ffb64780000 - 0x00007ffb6492a000 	C:\WINDOWS\System32\USER32.dll
0x00007ffb62c20000 - 0x00007ffb62c46000 	C:\WINDOWS\System32\win32u.dll
0x00007ffb62d70000 - 0x00007ffb62d99000 	C:\WINDOWS\System32\GDI32.dll
0x00007ffb62c50000 - 0x00007ffb62d69000 	C:\WINDOWS\System32\gdi32full.dll
0x00007ffb62760000 - 0x00007ffb627fa000 	C:\WINDOWS\System32\msvcp_win.dll
0x00007ffb57430000 - 0x00007ffb5744b000 	C:\Users\saliaam\Downloads\sts-4.24.0.RELEASE\plugins\org.eclipse.justj.openjdk.hotspot.jre.full.win32.x86_64_21.0.3.v20240426-1530\jre\bin\VCRUNTIME140.dll
0x00007ffb25170000 - 0x00007ffb253fe000 	C:\WINDOWS\WinSxS\amd64_microsoft.windows.common-controls_6595b64144ccf1df_6.0.22621.1635_none_270f70857386168e\COMCTL32.dll
0x00007ffb637e0000 - 0x00007ffb63887000 	C:\WINDOWS\System32\msvcrt.dll
0x00007ffb63050000 - 0x00007ffb63081000 	C:\WINDOWS\System32\IMM32.DLL
0x00007ffb30cf0000 - 0x00007ffb30e52000 	C:\Program Files (x86)\Citrix\ICA Client\ctxapclient64.dll
0x00007ffb63ab0000 - 0x00007ffb63e39000 	C:\WINDOWS\System32\combase.dll
0x00007ffb63990000 - 0x00007ffb63aa7000 	C:\WINDOWS\System32\RPCRT4.dll
0x00007ffb61fb0000 - 0x00007ffb61fba000 	C:\WINDOWS\SYSTEM32\VERSION.dll
0x00007ffb61bd0000 - 0x00007ffb61bf8000 	C:\WINDOWS\SYSTEM32\bcrypt.dll
0x00007ffb646b0000 - 0x00007ffb6475e000 	C:\WINDOWS\System32\ADVAPI32.dll
0x00007ffb636b0000 - 0x00007ffb63754000 	C:\WINDOWS\System32\sechost.dll
0x00007ffb612d0000 - 0x00007ffb61304000 	C:\WINDOWS\SYSTEM32\ntmarta.dll
0x00007ffb62390000 - 0x00007ffb6240a000 	C:\WINDOWS\System32\bcryptprimitives.dll
0x0000022a465d0000 - 0x0000022a465e5000 	C:\WINDOWS\System32\umppc18913.dll
0x00007ffb62070000 - 0x00007ffb62084000 	C:\Program Files\AppSense\Environment Manager\Agent\EmLoader.dll
0x00007ffb62eb0000 - 0x00007ffb6304c000 	C:\WINDOWS\System32\ole32.dll
0x00007ffb41770000 - 0x00007ffb4177c000 	C:\Users\saliaam\Downloads\sts-4.24.0.RELEASE\plugins\org.eclipse.justj.openjdk.hotspot.jre.full.win32.x86_64_21.0.3.v20240426-1530\jre\bin\vcruntime140_1.dll
0x00007ffb0dbd0000 - 0x00007ffb0dc5e000 	C:\Users\saliaam\Downloads\sts-4.24.0.RELEASE\plugins\org.eclipse.justj.openjdk.hotspot.jre.full.win32.x86_64_21.0.3.v20240426-1530\jre\bin\msvcp140.dll
0x00007ffab60c0000 - 0x00007ffab6e42000 	C:\Users\saliaam\Downloads\sts-4.24.0.RELEASE\plugins\org.eclipse.justj.openjdk.hotspot.jre.full.win32.x86_64_21.0.3.v20240426-1530\jre\bin\server\jvm.dll
0x00007ffb64ed0000 - 0x00007ffb64f41000 	C:\WINDOWS\System32\WS2_32.dll
0x00007ffb62260000 - 0x00007ffb622ad000 	C:\WINDOWS\SYSTEM32\POWRPROF.dll
0x00007ffb57200000 - 0x00007ffb57234000 	C:\WINDOWS\SYSTEM32\WINMM.dll
0x00007ffb62190000 - 0x00007ffb621a3000 	C:\WINDOWS\SYSTEM32\UMPDC.dll
0x00007ffb61260000 - 0x00007ffb61278000 	C:\WINDOWS\SYSTEM32\kernel.appcore.dll
0x00007ffb478f0000 - 0x00007ffb478fa000 	C:\Users\saliaam\Downloads\sts-4.24.0.RELEASE\plugins\org.eclipse.justj.openjdk.hotspot.jre.full.win32.x86_64_21.0.3.v20240426-1530\jre\bin\jimage.dll
0x00007ffb5f970000 - 0x00007ffb5fb9e000 	C:\WINDOWS\SYSTEM32\DBGHELP.DLL
0x00007ffb63510000 - 0x00007ffb635e7000 	C:\WINDOWS\System32\OLEAUT32.dll
0x00007ffb43250000 - 0x00007ffb43282000 	C:\WINDOWS\SYSTEM32\dbgcore.DLL
0x00007ffb1e280000 - 0x00007ffb1e2bc000 	C:\Users\saliaam\Downloads\sts-4.24.0.RELEASE\plugins\org.eclipse.justj.openjdk.hotspot.jre.full.win32.x86_64_21.0.3.v20240426-1530\jre\bin\jdwp.dll
0x00007ffb478e0000 - 0x00007ffb478ef000 	C:\Users\saliaam\Downloads\sts-4.24.0.RELEASE\plugins\org.eclipse.justj.openjdk.hotspot.jre.full.win32.x86_64_21.0.3.v20240426-1530\jre\bin\instrument.dll
0x00007ffb3f480000 - 0x00007ffb3f49f000 	C:\Users\saliaam\Downloads\sts-4.24.0.RELEASE\plugins\org.eclipse.justj.openjdk.hotspot.jre.full.win32.x86_64_21.0.3.v20240426-1530\jre\bin\java.dll
0x00007ffb30ec0000 - 0x00007ffb30ed8000 	C:\Users\saliaam\Downloads\sts-4.24.0.RELEASE\plugins\org.eclipse.justj.openjdk.hotspot.jre.full.win32.x86_64_21.0.3.v20240426-1530\jre\bin\zip.dll
0x00007ffb63eb0000 - 0x00007ffb646a9000 	C:\WINDOWS\System32\SHELL32.dll
0x00007ffb60070000 - 0x00007ffb6093e000 	C:\WINDOWS\SYSTEM32\windows.storage.dll
0x00007ffb5ff30000 - 0x00007ffb6006e000 	C:\WINDOWS\SYSTEM32\wintypes.dll
0x00007ffb63890000 - 0x00007ffb63981000 	C:\WINDOWS\System32\SHCORE.dll
0x00007ffb63780000 - 0x00007ffb637de000 	C:\WINDOWS\System32\shlwapi.dll
0x00007ffb622c0000 - 0x00007ffb622e6000 	C:\WINDOWS\SYSTEM32\profapi.dll
0x00007ffb3f470000 - 0x00007ffb3f47b000 	C:\Users\saliaam\Downloads\sts-4.24.0.RELEASE\plugins\org.eclipse.justj.openjdk.hotspot.jre.full.win32.x86_64_21.0.3.v20240426-1530\jre\bin\dt_socket.dll
0x00007ffb60b90000 - 0x00007ffb60bbd000 	C:\WINDOWS\SYSTEM32\IPHLPAPI.DLL
0x00007ffb61720000 - 0x00007ffb61789000 	C:\WINDOWS\system32\mswsock.dll
0x00007ffb60bc0000 - 0x00007ffb60cb3000 	C:\WINDOWS\SYSTEM32\DNSAPI.dll
0x00007ffb64a00000 - 0x00007ffb64a09000 	C:\WINDOWS\System32\NSI.dll
0x00007ffb5adc0000 - 0x00007ffb5adca000 	C:\Windows\System32\rasadhlp.dll
0x00007ffb5b8d0000 - 0x00007ffb5b954000 	C:\WINDOWS\System32\fwpuclnt.dll
0x00007ffb47140000 - 0x00007ffb47150000 	C:\Users\saliaam\Downloads\sts-4.24.0.RELEASE\plugins\org.eclipse.justj.openjdk.hotspot.jre.full.win32.x86_64_21.0.3.v20240426-1530\jre\bin\net.dll
0x00007ffb5bb30000 - 0x00007ffb5bc67000 	C:\WINDOWS\SYSTEM32\WINHTTP.dll
0x00007ffb30bc0000 - 0x00007ffb30bd6000 	C:\Users\saliaam\Downloads\sts-4.24.0.RELEASE\plugins\org.eclipse.justj.openjdk.hotspot.jre.full.win32.x86_64_21.0.3.v20240426-1530\jre\bin\nio.dll
0x00007ffb47000000 - 0x00007ffb47010000 	C:\Users\saliaam\Downloads\sts-4.24.0.RELEASE\plugins\org.eclipse.justj.openjdk.hotspot.jre.full.win32.x86_64_21.0.3.v20240426-1530\jre\bin\verify.dll
0x00007ffb3f930000 - 0x00007ffb3f93a000 	C:\Users\saliaam\Downloads\sts-4.24.0.RELEASE\plugins\org.eclipse.justj.openjdk.hotspot.jre.full.win32.x86_64_21.0.3.v20240426-1530\jre\bin\management.dll
0x00007ffb3f870000 - 0x00007ffb3f87b000 	C:\Users\saliaam\Downloads\sts-4.24.0.RELEASE\plugins\org.eclipse.justj.openjdk.hotspot.jre.full.win32.x86_64_21.0.3.v20240426-1530\jre\bin\management_ext.dll
0x00007ffb62ea0000 - 0x00007ffb62ea8000 	C:\WINDOWS\System32\PSAPI.DLL
0x00007ffb418b0000 - 0x00007ffb418be000 	C:\Users\saliaam\Downloads\sts-4.24.0.RELEASE\plugins\org.eclipse.justj.openjdk.hotspot.jre.full.win32.x86_64_21.0.3.v20240426-1530\jre\bin\sunmscapi.dll
0x00007ffb625f0000 - 0x00007ffb62757000 	C:\WINDOWS\System32\CRYPT32.dll
0x00007ffb61ba0000 - 0x00007ffb61bce000 	C:\WINDOWS\SYSTEM32\ncrypt.dll
0x00007ffb61af0000 - 0x00007ffb61b27000 	C:\WINDOWS\SYSTEM32\NTASN1.dll
0x00007ffb3f960000 - 0x00007ffb3f969000 	C:\Users\saliaam\Downloads\sts-4.24.0.RELEASE\plugins\org.eclipse.justj.openjdk.hotspot.jre.full.win32.x86_64_21.0.3.v20240426-1530\jre\bin\extnet.dll
0x00007ffb61a10000 - 0x00007ffb61a2b000 	C:\WINDOWS\SYSTEM32\CRYPTSP.dll
0x00007ffb61220000 - 0x00007ffb61255000 	C:\WINDOWS\system32\rsaenh.dll
0x00007ffb61f80000 - 0x00007ffb61fac000 	C:\WINDOWS\SYSTEM32\USERENV.dll
0x00007ffb619f0000 - 0x00007ffb619fc000 	C:\WINDOWS\SYSTEM32\CRYPTBASE.dll
0x00007ffb27b30000 - 0x00007ffb27b38000 	C:\WINDOWS\system32\wshunix.dll

dbghelp: loaded successfully - version: 4.0.5 - missing functions: none
symbol engine: initialized successfully - sym options: 0x614 - pdb path: .;C:\Users\saliaam\Downloads\sts-4.24.0.RELEASE\plugins\org.eclipse.justj.openjdk.hotspot.jre.full.win32.x86_64_21.0.3.v20240426-1530\jre\bin;C:\WINDOWS\SYSTEM32;C:\WINDOWS\WinSxS\amd64_microsoft.windows.common-controls_6595b64144ccf1df_6.0.22621.1635_none_270f70857386168e;C:\Program Files (x86)\Citrix\ICA Client;C:\Program Files\AppSense\Environment Manager\Agent;C:\Users\saliaam\Downloads\sts-4.24.0.RELEASE\plugins\org.eclipse.justj.openjdk.hotspot.jre.full.win32.x86_64_21.0.3.v20240426-1530\jre\bin\server

VM Arguments:
jvm_args: -XX:+ShowCodeDetailsInExceptionMessages -agentlib:jdwp=transport=dt_socket,suspend=y,address=localhost:57686 -javaagent:C:\Users\saliaam\Downloads\sts-4.24.0.RELEASE\configuration\org.eclipse.osgi\270\0\.cp\lib\javaagent-shaded.jar -Dfile.encoding=UTF-8 -Dstdout.encoding=UTF-8 -Dstderr.encoding=UTF-8 
java_command: com.eob.EmployeeOnboardApplication
java_class_path (initial): C:\Users\saliaam\Documents\workspace-spring-tool-suite-4-4.24.0.RELEASE\EmployeeOnboardingSystem\target\classes;C:\Users\saliaam\.m2\repository\org\springframework\boot\spring-boot-starter-web-services\3.3.5\spring-boot-starter-web-services-3.3.5.jar;C:\Users\saliaam\.m2\repository\com\sun\xml\messaging\saaj\saaj-impl\3.0.4\saaj-impl-3.0.4.jar;C:\Users\saliaam\.m2\repository\jakarta\xml\soap\jakarta.xml.soap-api\3.0.2\jakarta.xml.soap-api-3.0.2.jar;C:\Users\saliaam\.m2\repository\org\jvnet\staxex\stax-ex\2.1.0\stax-ex-2.1.0.jar;C:\Users\saliaam\.m2\repository\jakarta\activation\jakarta.activation-api\2.1.3\jakarta.activation-api-2.1.3.jar;C:\Users\saliaam\.m2\repository\org\eclipse\angus\angus-activation\2.0.2\angus-activation-2.0.2.jar;C:\Users\saliaam\.m2\repository\jakarta\xml\ws\jakarta.xml.ws-api\4.0.2\jakarta.xml.ws-api-4.0.2.jar;C:\Users\saliaam\.m2\repository\org\springframework\spring-oxm\6.1.14\spring-oxm-6.1.14.jar;C:\Users\saliaam\.m2\repository\org\springframework\spring-beans\6.1.14\spring-beans-6.1.14.jar;C:\Users\saliaam\.m2\repository\org\springframework\ws\spring-ws-core\4.0.11\spring-ws-core-4.0.11.jar;C:\Users\saliaam\.m2\repository\org\springframework\ws\spring-xml\4.0.11\spring-xml-4.0.11.jar;C:\Users\saliaam\.m2\repository\org\springframework\spring-aop\6.1.14\spring-aop-6.1.14.jar;C:\Users\saliaam\.m2\repository\org\glassfish\jaxb\jaxb-runtime\4.0.5\jaxb-runtime-4.0.5.jar;C:\Users\saliaam\.m2\repository\org\glassfish\jaxb\jaxb-core\4.0.5\jaxb-core-4.0.5.jar;C:\Users\saliaam\.m2\repository\org\glassfish\jaxb\txw2\4.0.5\txw2-4.0.5.jar;C:\Users\saliaam\.m2\repository\com\sun\istack\istack-commons-runtime\4.1.2\istack-commons-runtime-4.1.2.jar;C:\Users\saliaam\.m2\repository\org\projectlombok\lombok\1.18.34\lombok-1.18.34.jar;C:\Users\saliaam\.m2\repository\org\springframework\boot\spring-boot-devtools\3.3.5\spring-boot-devtools-3.3.5.jar;C:\Users\saliaam\.m2\repository\org\springframework\boot\spring-boot\3.3.5\spring-boot-3.3.5.jar;C:\Users\saliaam\.m2\repository\org\springframework\spring-context\6.1.14\spring-context-6.1.14.jar;C:\Users\saliaam\.m2\repository\org\springframework\boot\spring-boot-autoconfigure\3.3.5\spring-boot-autoconfigure-3.3.5.jar;C:\Users\saliaam\.m2\repository\org\springframework\boot\spring-boot-starter\3.3.5\spring-boot-starter-3.3.5.jar;C:\Users\saliaam\.m2\repository\org\springframework\boot\spring-boot-starter-logging\3.3.5\spring-boot-starter-logging-3.3.5.jar;C:\Users\saliaam\.m2\repository\ch\qos\logback\logback-classic\1.5.11\logback-classic-1.5.11.jar;C:\Users\saliaam\.m2\repository\ch\qos\logback\logback-core\1.5.11\logback-core-1.5.11.jar;C:\Users\saliaam\.m2\repository\org\apache\logging\log4j\log4j-to-slf4j\2.23.1\log4j-to-slf4j-2.23.1.jar;C:\Users\saliaam\.m2\repository\org\apache\logging\log4j\log4j-api\2.23.1\log4j-api-2.23.1.jar;C:\Users\saliaam\.m2\repository\org\slf4j\jul-to-slf4j\2.0.16\jul-to-slf4j-2.0.16.jar;C:\Users\saliaam\.m2\repository\jakarta\annotation\jakarta.annotation-api\2.1.1\jakarta.annotation-api-2.1.1.jar;C:\Users\saliaam\.m2\repository\org\yaml\snakeyaml\2.2\snakeyaml-2.2.jar;C:\Users\saliaam\.m2\repository\org\slf4j\slf4j-api\2.0.16\slf4j-api-2.0.16.jar;C:\Users\saliaam\.m2\repository\jakarta\xml\bind\jakarta.xml.bind-api\4.0.2\jakarta.xml.bind-api-4.0.2.jar;C:\Users\saliaam\.m2\repository\net\bytebuddy\byte-buddy\1.14.19\byte-buddy-1.14.19.jar;C:\Users\saliaam\.m2\repository\org\springframework\spring-core\6.1.14\spring-core-6.1.14.jar;C:\Users\saliaam\.m2\repository\org\springframework\spring-jcl\6.1.14\spring-jcl-6.1.14.jar;C:\Users\saliaam\.m2\repository\com\mysql\mysql-connector-j\8.3.0\mysql-connector-j-8.3.0.jar;C:\Users\saliaam\.m2\repository\org\springframework\boot\spring-boot-starter-data-jpa\3.3.5\spring-boot-starter-data-jpa-3.3.5.jar;C:\Users\saliaam\.m2\repository\org\springframework\boot\spring-boot-starter-aop\3.3.5\spring-boot-starter-aop-3.3.5.jar;C:\Users\saliaam\.m2\repository\org\aspectj\aspectjweaver\1.9.22.1\aspectjweaver-1.9.22.1.jar;C:\Users\saliaam\.m2\repository\org\springframework\boot\spring-boot-starter-jdbc\3.3.5\spring-boot-starter-jdbc-3.3.5.jar;C:\Users\saliaam\.m2\repository\com\zaxxer\HikariCP\5.1.0\HikariCP-5.1.0.jar;C:\Users\saliaam\.m2\repository\org\hibernate\orm\hibernate-core\6.5.3.Final\hibernate-core-6.5.3.Final.jar;C:\Users\saliaam\.m2\repository\jakarta\persistence\jakarta.persistence-api\3.1.0\jakarta.persistence-api-3.1.0.jar;C:\Users\saliaam\.m2\repository\jakarta\transaction\jakarta.transaction-api\2.0.1\jakarta.transaction-api-2.0.1.jar;C:\Users\saliaam\.m2\repository\org\jboss\logging\jboss-logging\3.5.3.Final\jboss-logging-3.5.3.Final.jar;C:\Users\saliaam\.m2\repository\org\hibernate\common\hibernate-commons-annotations\6.0.6.Final\hibernate-commons-annotations-6.0.6.Final.jar;C:\Users\saliaam\.m2\repository\io\smallrye\jandex\3.1.2\jandex-3.1.2.jar;C:\Users\saliaam\.m2\repository\com\fasterxml\classmate\1.7.0\classmate-1.7.0.jar;C:\Users\saliaam\.m2\repository\jakarta\inject\jakarta.inject-api\2.0.1\jakarta.inject-api-2.0.1.jar;C:\Users\saliaam\.m2\repository\org\antlr\antlr4-runtime\4.13.0\antlr4-runtime-4.13.0.jar;C:\Users\saliaam\.m2\repository\org\springframework\data\spring-data-jpa\3.3.5\spring-data-jpa-3.3.5.jar;C:\Users\saliaam\.m2\repository\org\springframework\data\spring-data-commons\3.3.5\spring-data-commons-3.3.5.jar;C:\Users\saliaam\.m2\repository\org\springframework\spring-orm\6.1.14\spring-orm-6.1.14.jar;C:\Users\saliaam\.m2\repository\org\springframework\spring-tx\6.1.14\spring-tx-6.1.14.jar;C:\Users\saliaam\.m2\repository\org\springframework\spring-aspects\6.1.14\spring-aspects-6.1.14.jar;C:\Users\saliaam\.m2\repository\org\modelmapper\modelmapper\3.1.1\modelmapper-3.1.1.jar;C:\Users\saliaam\.m2\repository\org\postgresql\postgresql\42.7.4\postgresql-42.7.4.jar;C:\Users\saliaam\.m2\repository\org\checkerframework\checker-qual\3.42.0\checker-qual-3.42.0.jar;C:\Users\saliaam\.m2\repository\org\springframework\boot\spring-boot-starter-batch\3.3.5\spring-boot-starter-batch-3.3.5.jar;C:\Users\saliaam\.m2\repository\org\springframework\batch\spring-batch-core\5.1.2\spring-batch-core-5.1.2.jar;C:\Users\saliaam\.m2\repository\org\springframework\batch\spring-batch-infrastructure\5.1.2\spring-batch-infrastructure-5.1.2.jar;C:\Users\saliaam\.m2\repository\org\springframework\retry\spring-retry\2.0.10\spring-retry-2.0.10.jar;C:\Users\saliaam\.m2\repository\io\micrometer\micrometer-core\1.13.6\micrometer-core-1.13.6.jar;C:\Users\saliaam\.m2\repository\io\micrometer\micrometer-commons\1.13.6\micrometer-commons-1.13.6.jar;C:\Users\saliaam\.m2\repository\org\hdrhistogram\HdrHistogram\2.2.2\HdrHistogram-2.2.2.jar;C:\Users\saliaam\.m2\repository\org\latencyutils\LatencyUtils\2.0.3\LatencyUtils-2.0.3.jar;C:\Users\saliaam\.m2\repository\io\micrometer\micrometer-observation\1.13.6\micrometer-observation-1.13.6.jar;C:\Users\saliaam\.m2\repository\org\springframework\boot\spring-boot-starter-web\3.3.5\spring-boot-starter-web-3.3.5.jar;C:\Users\saliaam\.m2\repository\org\springframework\boot\spring-boot-starter-json\3.3.5\spring-boot-starter-json-3.3.5.jar;C:\Users\saliaam\.m2\repository\com\fasterxml\jackson\core\jackson-databind\2.17.2\jackson-databind-2.17.2.jar;C:\Users\saliaam\.m2\repository\com\fasterxml\jackson\core\jackson-annotations\2.17.2\jackson-annotations-2.17.2.jar;C:\Users\saliaam\.m2\repository\com\fasterxml\jackson\core\jackson-core\2.17.2\jackson-core-2.17.2.jar;C:\Users\saliaam\.m2\repository\com\fasterxml\jackson\datatype\jackson-datatype-jdk8\2.17.2\jackson-datatype-jdk8-2.17.2.jar;C:\Users\saliaam\.m2\repository\com\fasterxml\jackson\datatype\jackson-datatype-jsr310\2.17.2\jackson-datatype-jsr310-2.17.2.jar;C:\Users\saliaam\.m2\repository\com\fasterxml\jackson\module\jackson-module-parameter-names\2.17.2\jackson-module-parameter-names-2.17.2.jar;C:\Users\saliaam\.m2\repository\org\springframework\boot\spring-boot-starter-tomcat\3.3.5\spring-boot-starter-tomcat-3.3.5.jar;C:\Users\saliaam\.m2\repository\org\apache\tomcat\embed\tomcat-embed-core\10.1.31\tomcat-embed-core-10.1.31.jar;C:\Users\saliaam\.m2\repository\org\apache\tomcat\embed\tomcat-embed-el\10.1.31\tomcat-embed-el-10.1.31.jar;C:\Users\saliaam\.m2\repository\org\apache\tomcat\embed\tomcat-embed-websocket\10.1.31\tomcat-embed-websocket-10.1.31.jar;C:\Users\saliaam\.m2\repository\org\springframework\spring-web\6.1.14\spring-web-6.1.14.jar;C:\Users\saliaam\.m2\repository\org\springframework\spring-webmvc\6.1.14\spring-webmvc-6.1.14.jar;C:\Users\saliaam\.m2\repository\org\springframework\spring-expression\6.1.14\spring-expression-6.1.14.jar;C:\Users\saliaam\.m2\repository\org\springframework\spring-jdbc\6.1.14\spring-jdbc-6.1.14.jar
Launcher Type: SUN_STANDARD

[Global flags]
     intx CICompilerCount                          = 4                                         {product} {ergonomic}
     uint ConcGCThreads                            = 3                                         {product} {ergonomic}
     uint G1ConcRefinementThreads                  = 10                                        {product} {ergonomic}
   size_t G1HeapRegionSize                         = 2097152                                   {product} {ergonomic}
    uintx GCDrainStackTargetSize                   = 64                                        {product} {ergonomic}
   size_t InitialHeapSize                          = 264241152                                 {product} {ergonomic}
   size_t MarkStackSize                            = 4194304                                   {product} {ergonomic}
   size_t MaxHeapSize                              = 4213178368                                {product} {ergonomic}
   size_t MaxNewSize                               = 2527068160                                {product} {ergonomic}
   size_t MinHeapDeltaBytes                        = 2097152                                   {product} {ergonomic}
   size_t MinHeapSize                              = 8388608                                   {product} {ergonomic}
    uintx NonNMethodCodeHeapSize                   = 5839372                                {pd product} {ergonomic}
    uintx NonProfiledCodeHeapSize                  = 122909434                              {pd product} {ergonomic}
    uintx ProfiledCodeHeapSize                     = 122909434                              {pd product} {ergonomic}
    uintx ReservedCodeCacheSize                    = 251658240                              {pd product} {ergonomic}
     bool SegmentedCodeCache                       = true                                      {product} {ergonomic}
     bool ShowCodeDetailsInExceptionMessages       = true                                   {manageable} {command line}
   size_t SoftMaxHeapSize                          = 4213178368                             {manageable} {ergonomic}
     bool UseCompressedOops                        = true                           {product lp64_product} {ergonomic}
     bool UseG1GC                                  = true                                      {product} {ergonomic}
     bool UseLargePagesIndividualAllocation        = false                                  {pd product} {ergonomic}

Logging:
Log output configuration:
 #0: stdout all=warning uptime,level,tags foldmultilines=false
 #1: stderr all=off uptime,level,tags foldmultilines=false

Environment Variables:
JAVA_HOME=C:\Program Files\Amazon Corretto\jdk21.0.5_11
PATH=C:\Users\saliaam\Downloads\sts-4.24.0.RELEASE\plugins\org.eclipse.justj.openjdk.hotspot.jre.full.win32.x86_64_21.0.3.v20240426-1530\jre\bin;C:/Users/saliaam/Downloads/sts-4.24.0.RELEASE//plugins/org.eclipse.justj.openjdk.hotspot.jre.full.win32.x86_64_21.0.3.v20240426-1530/jre/bin/server;C:/Users/saliaam/Downloads/sts-4.24.0.RELEASE//plugins/org.eclipse.justj.openjdk.hotspot.jre.full.win32.x86_64_21.0.3.v20240426-1530/jre/bin;C:\Program Files\Amazon Corretto\jdk21.0.5_11\bin;C:\app\Fldwrkback\product\21c\dbhomeXE\bin;C:\Program Files\Common Files\Oracle\Java\javapath;C:\WINDOWS\system32;C:\WINDOWS;C:\WINDOWS\System32\Wbem;C:\WINDOWS\System32\WindowsPowerShell\v1.0\;C:\WINDOWS\System32\OpenSSH\;C:\Program Files\dotnet\;C:\Program Files\nodejs\;C:\Users\saliaam\AppData\Local\Microsoft\WindowsApps;C:\Users\saliaam\AppData\Local\Programs\Git\cmd;C:\Program Files\Java\jdk-17\bin;C:\Program Files\Java\jdk-17;C:\Users\saliaam\AppData\Local\Google\Cloud SDK\google-cloud-sdk\bin;C:\Program Files\Amazon Corretto\jdk21.0.4_7\bin;C:\Program Files\Amazon Corretto\jdk21.0.4_7;C:\Users\saliaam\AppData\Local\Programs\Microsoft VS Code\bin;C:\Users\saliaam\AppData\Roaming\npm;;C:\Users\saliaam\Downloads\sts-4.24.0.RELEASE;
USERNAME=saliaam
OS=Windows_NT
PROCESSOR_IDENTIFIER=Intel64 Family 6 Model 186 Stepping 3, GenuineIntel
TMP=C:\Users\saliaam\AppData\Local\Temp
TEMP=C:\Users\saliaam\AppData\Local\Temp




Periodic native trim disabled

---------------  S Y S T E M  ---------------

OS:
 Windows 11 , 64 bit Build 22621 (10.0.22621.1928)
OS uptime: 7 days 5:40 hours
Hyper-V role detected

CPU: total 12 (initial active 12) (6 cores per cpu, 2 threads per core) family 6 model 186 stepping 3 microcode 0x4114, cx8, cmov, fxsr, ht, mmx, 3dnowpref, sse, sse2, sse3, ssse3, sse4.1, sse4.2, popcnt, lzcnt, tsc, tscinvbit, avx, avx2, aes, erms, clmul, bmi1, bmi2, adx, sha, fma, vzeroupper, clflush, clflushopt, clwb, hv, serialize, rdtscp, rdpid, fsrm, f16c, cet_ibt, cet_ss
Processor Information for processor 0
  Max Mhz: 1600, Current Mhz: 1600, Mhz Limit: 1600
Processor Information for processor 1
  Max Mhz: 1600, Current Mhz: 1600, Mhz Limit: 1600
Processor Information for processor 2
  Max Mhz: 1600, Current Mhz: 1600, Mhz Limit: 1600
Processor Information for processor 3
  Max Mhz: 1600, Current Mhz: 1600, Mhz Limit: 1600
Processor Information for processor 4
  Max Mhz: 1600, Current Mhz: 1200, Mhz Limit: 1200
Processor Information for processor 5
  Max Mhz: 1600, Current Mhz: 1200, Mhz Limit: 1200
Processor Information for processor 6
  Max Mhz: 1600, Current Mhz: 1200, Mhz Limit: 1200
Processor Information for processor 7
  Max Mhz: 1600, Current Mhz: 1200, Mhz Limit: 1200
Processor Information for processor 8
  Max Mhz: 1600, Current Mhz: 1200, Mhz Limit: 1200
Processor Information for processor 9
  Max Mhz: 1600, Current Mhz: 1200, Mhz Limit: 1200
Processor Information for processor 10
  Max Mhz: 1600, Current Mhz: 1200, Mhz Limit: 1200
Processor Information for processor 11
  Max Mhz: 1600, Current Mhz: 1200, Mhz Limit: 1200

Memory: 4k page, system-wide physical 16068M (3630M free)
TotalPageFile size 36031M (AvailPageFile size 5799M)
current process WorkingSet (physical memory assigned to process): 306M, peak: 421M
current process commit charge ("private bytes"): 336M, peak: 469M

vm_info: OpenJDK 64-Bit Server VM (21.0.3+9-LTS) for windows-amd64 JRE (21.0.3+9-LTS), built on 2024-04-16T00:00:00Z by "admin" with MS VC++ 17.7 (VS2022)

END.
